Reading knapsack instance
Sorting objects
Starting solver
==== Solution ====
Best value found: 
------------------------------------------------
Num objects: 48 Cost bound: 11119
Total value: 13719
Total cost: 11119

1  101 1
4  287 187
43  311 211
18  332 232
41  347 247
28  376 276
33  405 305
23  425 325
10  447 347
31  456 356
32  461 361
5  467 367
26  507 407
36  527 427
38  539 439
19  563 463
15  586 486
12  622 522
20  654 554
21  689 589
47  727 627
37  745 645
42  750 650
22  775 675
7  790 690
14  830 730

