Reading knapsack instance
Sorting objects
Starting solver
==== Solution ====
Best value found: 
------------------------------------------------
Num objects: 256 Cost bound: 62405
Total value: 21352
Total cost: 19252

1  101 1
174  1023 923
183  1033 933
55  1037 937
135  1037 937
223  1039 939
121  1040 940
122  1043 943
123  1043 943
131  1047 947
115  1059 959
24  1070 970
66  1075 975
54  1077 977
177  1077 977
250  1081 981
234  1087 987
102  1089 989
6  1097 997
124  1097 997
25  1100 1000

