Reading knapsack instance
Sorting objects
Starting solver
==== Solution ====
Best value found: 
------------------------------------------------
Num objects: 1024 Cost bound: 2581537
Total value: 197399
Total cost: 178399

1  1001 1
774  10858 9858
485  10859 9859
911  10859 9859
1000  10866 9866
449  10870 9870
139  10872 9872
858  10872 9872
734  10879 9879
172  10898 9898
391  10910 9910
767  10935 9935
135  10937 9937
980  10949 9949
612  10958 9958
392  10963 9963
891  10968 9968
24  10970 9970
965  10975 9975

