Reading knapsack instance
Sorting objects
Starting solver
==== Solution ====
Best value found: 
------------------------------------------------
Num objects: 512 Cost bound: 1330949
Total value: 206558
Total cost: 186558

1  1001 1
179  10681 9681
403  10681 9681
374  10710 9710
91  10722 9722
431  10746 9746
216  10747 9747
399  10763 9763
495  10780 9780
265  10806 9806
62  10819 9819
17  10823 9823
485  10859 9859
449  10870 9870
139  10872 9872
172  10898 9898
391  10910 9910
135  10937 9937
392  10963 9963
24  10970 9970

