Reading number of colors
Reading graph
Num colors: 6
Solving with Greedy
Finding local optimum (2 opt)
# Conflicts: 1
Best found solution: 
Num nodes: 192
node: 0 weight: 0 visited: 0 marked 0
node: 1 weight: 1 visited: 0 marked 0
node: 2 weight: 0 visited: 0 marked 0
node: 3 weight: 1 visited: 0 marked 0
node: 4 weight: 0 visited: 0 marked 0
node: 5 weight: 2 visited: 0 marked 0
node: 6 weight: 1 visited: 0 marked 0
node: 7 weight: 0 visited: 0 marked 0
node: 8 weight: 1 visited: 0 marked 0
node: 9 weight: 0 visited: 0 marked 0
node: 10 weight: 2 visited: 0 marked 0
node: 11 weight: 3 visited: 0 marked 0
node: 12 weight: 1 visited: 0 marked 0
node: 13 weight: 0 visited: 0 marked 0
node: 14 weight: 1 visited: 0 marked 0
node: 15 weight: 0 visited: 0 marked 0
node: 16 weight: 2 visited: 0 marked 0
node: 17 weight: 1 visited: 0 marked 0
node: 18 weight: 0 visited: 0 marked 0
node: 19 weight: 1 visited: 0 marked 0
node: 20 weight: 0 visited: 0 marked 0
node: 21 weight: 2 visited: 0 marked 0
node: 22 weight: 3 visited: 0 marked 0
node: 23 weight: 4 visited: 0 marked 0
node: 24 weight: 1 visited: 0 marked 0
node: 25 weight: 0 visited: 0 marked 0
node: 26 weight: 1 visited: 0 marked 0
node: 27 weight: 0 visited: 0 marked 0
node: 28 weight: 2 visited: 0 marked 0
node: 29 weight: 1 visited: 0 marked 0
node: 30 weight: 0 visited: 0 marked 0
node: 31 weight: 1 visited: 0 marked 0
node: 32 weight: 0 visited: 0 marked 0
node: 33 weight: 2 visited: 0 marked 0
node: 34 weight: 3 visited: 0 marked 0
node: 35 weight: 1 visited: 0 marked 0
node: 36 weight: 0 visited: 0 marked 0
node: 37 weight: 1 visited: 0 marked 0
node: 38 weight: 0 visited: 0 marked 0
node: 39 weight: 2 visited: 0 marked 0
node: 40 weight: 1 visited: 0 marked 0
node: 41 weight: 0 visited: 0 marked 0
node: 42 weight: 1 visited: 0 marked 0
node: 43 weight: 0 visited: 0 marked 0
node: 44 weight: 2 visited: 0 marked 0
node: 45 weight: 3 visited: 0 marked 0
node: 46 weight: 4 visited: 0 marked 0
node: 47 weight: 5 visited: 0 marked 0
node: 48 weight: 1 visited: 0 marked 0
node: 49 weight: 0 visited: 0 marked 0
node: 50 weight: 1 visited: 0 marked 0
node: 51 weight: 0 visited: 0 marked 0
node: 52 weight: 2 visited: 0 marked 0
node: 53 weight: 1 visited: 0 marked 0
node: 54 weight: 0 visited: 0 marked 0
node: 55 weight: 1 visited: 0 marked 0
node: 56 weight: 0 visited: 0 marked 0
node: 57 weight: 2 visited: 0 marked 0
node: 58 weight: 3 visited: 0 marked 0
node: 59 weight: 1 visited: 0 marked 0
node: 60 weight: 0 visited: 0 marked 0
node: 61 weight: 1 visited: 0 marked 0
node: 62 weight: 0 visited: 0 marked 0
node: 63 weight: 2 visited: 0 marked 0
node: 64 weight: 1 visited: 0 marked 0
node: 65 weight: 0 visited: 0 marked 0
node: 66 weight: 1 visited: 0 marked 0
node: 67 weight: 0 visited: 0 marked 0
node: 68 weight: 2 visited: 0 marked 0
node: 69 weight: 3 visited: 0 marked 0
node: 70 weight: 4 visited: 0 marked 0
node: 71 weight: 1 visited: 0 marked 0
node: 72 weight: 0 visited: 0 marked 0
node: 73 weight: 1 visited: 0 marked 0
node: 74 weight: 0 visited: 0 marked 0
node: 75 weight: 2 visited: 0 marked 0
node: 76 weight: 1 visited: 0 marked 0
node: 77 weight: 0 visited: 0 marked 0
node: 78 weight: 1 visited: 0 marked 0
node: 79 weight: 0 visited: 0 marked 0
node: 80 weight: 2 visited: 0 marked 0
node: 81 weight: 3 visited: 0 marked 0
node: 82 weight: 1 visited: 0 marked 0
node: 83 weight: 0 visited: 0 marked 0
node: 84 weight: 1 visited: 0 marked 0
node: 85 weight: 0 visited: 0 marked 0
node: 86 weight: 2 visited: 0 marked 0
node: 87 weight: 1 visited: 0 marked 0
node: 88 weight: 0 visited: 0 marked 0
node: 89 weight: 1 visited: 0 marked 0
node: 90 weight: 0 visited: 0 marked 0
node: 91 weight: 2 visited: 0 marked 0
node: 92 weight: 3 visited: 0 marked 0
node: 93 weight: 4 visited: 0 marked 0
node: 94 weight: 5 visited: 0 marked 0
node: 95 weight: 7 visited: 0 marked 0
node: 96 weight: 1 visited: 0 marked 0
node: 97 weight: 0 visited: 0 marked 0
node: 98 weight: 1 visited: 0 marked 0
node: 99 weight: 0 visited: 0 marked 0
node: 100 weight: 2 visited: 0 marked 0
node: 101 weight: 1 visited: 0 marked 0
node: 102 weight: 0 visited: 0 marked 0
node: 103 weight: 1 visited: 0 marked 0
node: 104 weight: 0 visited: 0 marked 0
node: 105 weight: 2 visited: 0 marked 0
node: 106 weight: 3 visited: 0 marked 0
node: 107 weight: 1 visited: 0 marked 0
node: 108 weight: 0 visited: 0 marked 0
node: 109 weight: 1 visited: 0 marked 0
node: 110 weight: 0 visited: 0 marked 0
node: 111 weight: 2 visited: 0 marked 0
node: 112 weight: 1 visited: 0 marked 0
node: 113 weight: 0 visited: 0 marked 0
node: 114 weight: 1 visited: 0 marked 0
node: 115 weight: 0 visited: 0 marked 0
node: 116 weight: 2 visited: 0 marked 0
node: 117 weight: 3 visited: 0 marked 0
node: 118 weight: 4 visited: 0 marked 0
node: 119 weight: 1 visited: 0 marked 0
node: 120 weight: 0 visited: 0 marked 0
node: 121 weight: 1 visited: 0 marked 0
node: 122 weight: 0 visited: 0 marked 0
node: 123 weight: 2 visited: 0 marked 0
node: 124 weight: 1 visited: 0 marked 0
node: 125 weight: 0 visited: 0 marked 0
node: 126 weight: 1 visited: 0 marked 0
node: 127 weight: 0 visited: 0 marked 0
node: 128 weight: 2 visited: 0 marked 0
node: 129 weight: 3 visited: 0 marked 0
node: 130 weight: 1 visited: 0 marked 0
node: 131 weight: 0 visited: 0 marked 0
node: 132 weight: 1 visited: 0 marked 0
node: 133 weight: 0 visited: 0 marked 0
node: 134 weight: 2 visited: 0 marked 0
node: 135 weight: 1 visited: 0 marked 0
node: 136 weight: 0 visited: 0 marked 0
node: 137 weight: 1 visited: 0 marked 0
node: 138 weight: 0 visited: 0 marked 0
node: 139 weight: 2 visited: 0 marked 0
node: 140 weight: 3 visited: 0 marked 0
node: 141 weight: 4 visited: 0 marked 0
node: 142 weight: 5 visited: 0 marked 0
node: 143 weight: 1 visited: 0 marked 0
node: 144 weight: 0 visited: 0 marked 0
node: 145 weight: 1 visited: 0 marked 0
node: 146 weight: 0 visited: 0 marked 0
node: 147 weight: 2 visited: 0 marked 0
node: 148 weight: 1 visited: 0 marked 0
node: 149 weight: 0 visited: 0 marked 0
node: 150 weight: 1 visited: 0 marked 0
node: 151 weight: 0 visited: 0 marked 0
node: 152 weight: 2 visited: 0 marked 0
node: 153 weight: 3 visited: 0 marked 0
node: 154 weight: 1 visited: 0 marked 0
node: 155 weight: 0 visited: 0 marked 0
node: 156 weight: 1 visited: 0 marked 0
node: 157 weight: 0 visited: 0 marked 0
node: 158 weight: 2 visited: 0 marked 0
node: 159 weight: 1 visited: 0 marked 0
node: 160 weight: 0 visited: 0 marked 0
node: 161 weight: 1 visited: 0 marked 0
node: 162 weight: 0 visited: 0 marked 0
node: 163 weight: 2 visited: 0 marked 0
node: 164 weight: 3 visited: 0 marked 0
node: 165 weight: 4 visited: 0 marked 0
node: 166 weight: 1 visited: 0 marked 0
node: 167 weight: 0 visited: 0 marked 0
node: 168 weight: 1 visited: 0 marked 0
node: 169 weight: 0 visited: 0 marked 0
node: 170 weight: 2 visited: 0 marked 0
node: 171 weight: 1 visited: 0 marked 0
node: 172 weight: 0 visited: 0 marked 0
node: 173 weight: 1 visited: 0 marked 0
node: 174 weight: 0 visited: 0 marked 0
node: 175 weight: 2 visited: 0 marked 0
node: 176 weight: 3 visited: 0 marked 0
node: 177 weight: 1 visited: 0 marked 0
node: 178 weight: 0 visited: 0 marked 0
node: 179 weight: 1 visited: 0 marked 0
node: 180 weight: 0 visited: 0 marked 0
node: 181 weight: 2 visited: 0 marked 0
node: 182 weight: 1 visited: 0 marked 0
node: 183 weight: 0 visited: 0 marked 0
node: 184 weight: 1 visited: 0 marked 0
node: 185 weight: 0 visited: 0 marked 0
node: 186 weight: 2 visited: 0 marked 0
node: 187 weight: 3 visited: 0 marked 0
node: 188 weight: 4 visited: 0 marked 0
node: 189 weight: 5 visited: 0 marked 0
node: 190 weight: 7 visited: 0 marked 0
node: 191 weight: 7 visited: 0 marked 0
Finding local optimum (3 opt)
# Conflicts: 1
Best found solution: 
Num nodes: 192
node: 0 weight: 0 visited: 0 marked 0
node: 1 weight: 1 visited: 0 marked 0
node: 2 weight: 0 visited: 0 marked 0
node: 3 weight: 1 visited: 0 marked 0
node: 4 weight: 0 visited: 0 marked 0
node: 5 weight: 2 visited: 0 marked 0
node: 6 weight: 1 visited: 0 marked 0
node: 7 weight: 0 visited: 0 marked 0
node: 8 weight: 1 visited: 0 marked 0
node: 9 weight: 0 visited: 0 marked 0
node: 10 weight: 2 visited: 0 marked 0
node: 11 weight: 3 visited: 0 marked 0
node: 12 weight: 1 visited: 0 marked 0
node: 13 weight: 0 visited: 0 marked 0
node: 14 weight: 1 visited: 0 marked 0
node: 15 weight: 0 visited: 0 marked 0
node: 16 weight: 2 visited: 0 marked 0
node: 17 weight: 1 visited: 0 marked 0
node: 18 weight: 0 visited: 0 marked 0
node: 19 weight: 1 visited: 0 marked 0
node: 20 weight: 0 visited: 0 marked 0
node: 21 weight: 2 visited: 0 marked 0
node: 22 weight: 3 visited: 0 marked 0
node: 23 weight: 4 visited: 0 marked 0
node: 24 weight: 1 visited: 0 marked 0
node: 25 weight: 0 visited: 0 marked 0
node: 26 weight: 1 visited: 0 marked 0
node: 27 weight: 0 visited: 0 marked 0
node: 28 weight: 2 visited: 0 marked 0
node: 29 weight: 1 visited: 0 marked 0
node: 30 weight: 0 visited: 0 marked 0
node: 31 weight: 1 visited: 0 marked 0
node: 32 weight: 0 visited: 0 marked 0
node: 33 weight: 2 visited: 0 marked 0
node: 34 weight: 3 visited: 0 marked 0
node: 35 weight: 1 visited: 0 marked 0
node: 36 weight: 0 visited: 0 marked 0
node: 37 weight: 1 visited: 0 marked 0
node: 38 weight: 0 visited: 0 marked 0
node: 39 weight: 2 visited: 0 marked 0
node: 40 weight: 1 visited: 0 marked 0
node: 41 weight: 0 visited: 0 marked 0
node: 42 weight: 1 visited: 0 marked 0
node: 43 weight: 0 visited: 0 marked 0
node: 44 weight: 2 visited: 0 marked 0
node: 45 weight: 3 visited: 0 marked 0
node: 46 weight: 4 visited: 0 marked 0
node: 47 weight: 5 visited: 0 marked 0
node: 48 weight: 1 visited: 0 marked 0
node: 49 weight: 0 visited: 0 marked 0
node: 50 weight: 1 visited: 0 marked 0
node: 51 weight: 0 visited: 0 marked 0
node: 52 weight: 2 visited: 0 marked 0
node: 53 weight: 1 visited: 0 marked 0
node: 54 weight: 0 visited: 0 marked 0
node: 55 weight: 1 visited: 0 marked 0
node: 56 weight: 0 visited: 0 marked 0
node: 57 weight: 2 visited: 0 marked 0
node: 58 weight: 3 visited: 0 marked 0
node: 59 weight: 1 visited: 0 marked 0
node: 60 weight: 0 visited: 0 marked 0
node: 61 weight: 1 visited: 0 marked 0
node: 62 weight: 0 visited: 0 marked 0
node: 63 weight: 2 visited: 0 marked 0
node: 64 weight: 1 visited: 0 marked 0
node: 65 weight: 0 visited: 0 marked 0
node: 66 weight: 1 visited: 0 marked 0
node: 67 weight: 0 visited: 0 marked 0
node: 68 weight: 2 visited: 0 marked 0
node: 69 weight: 3 visited: 0 marked 0
node: 70 weight: 4 visited: 0 marked 0
node: 71 weight: 1 visited: 0 marked 0
node: 72 weight: 0 visited: 0 marked 0
node: 73 weight: 1 visited: 0 marked 0
node: 74 weight: 0 visited: 0 marked 0
node: 75 weight: 2 visited: 0 marked 0
node: 76 weight: 1 visited: 0 marked 0
node: 77 weight: 0 visited: 0 marked 0
node: 78 weight: 1 visited: 0 marked 0
node: 79 weight: 0 visited: 0 marked 0
node: 80 weight: 2 visited: 0 marked 0
node: 81 weight: 3 visited: 0 marked 0
node: 82 weight: 1 visited: 0 marked 0
node: 83 weight: 0 visited: 0 marked 0
node: 84 weight: 1 visited: 0 marked 0
node: 85 weight: 0 visited: 0 marked 0
node: 86 weight: 2 visited: 0 marked 0
node: 87 weight: 1 visited: 0 marked 0
node: 88 weight: 0 visited: 0 marked 0
node: 89 weight: 1 visited: 0 marked 0
node: 90 weight: 0 visited: 0 marked 0
node: 91 weight: 2 visited: 0 marked 0
node: 92 weight: 3 visited: 0 marked 0
node: 93 weight: 4 visited: 0 marked 0
node: 94 weight: 5 visited: 0 marked 0
node: 95 weight: 7 visited: 0 marked 0
node: 96 weight: 1 visited: 0 marked 0
node: 97 weight: 0 visited: 0 marked 0
node: 98 weight: 1 visited: 0 marked 0
node: 99 weight: 0 visited: 0 marked 0
node: 100 weight: 2 visited: 0 marked 0
node: 101 weight: 1 visited: 0 marked 0
node: 102 weight: 0 visited: 0 marked 0
node: 103 weight: 1 visited: 0 marked 0
node: 104 weight: 0 visited: 0 marked 0
node: 105 weight: 2 visited: 0 marked 0
node: 106 weight: 3 visited: 0 marked 0
node: 107 weight: 1 visited: 0 marked 0
node: 108 weight: 0 visited: 0 marked 0
node: 109 weight: 1 visited: 0 marked 0
node: 110 weight: 0 visited: 0 marked 0
node: 111 weight: 2 visited: 0 marked 0
node: 112 weight: 1 visited: 0 marked 0
node: 113 weight: 0 visited: 0 marked 0
node: 114 weight: 1 visited: 0 marked 0
node: 115 weight: 0 visited: 0 marked 0
node: 116 weight: 2 visited: 0 marked 0
node: 117 weight: 3 visited: 0 marked 0
node: 118 weight: 4 visited: 0 marked 0
node: 119 weight: 1 visited: 0 marked 0
node: 120 weight: 0 visited: 0 marked 0
node: 121 weight: 1 visited: 0 marked 0
node: 122 weight: 0 visited: 0 marked 0
node: 123 weight: 2 visited: 0 marked 0
node: 124 weight: 1 visited: 0 marked 0
node: 125 weight: 0 visited: 0 marked 0
node: 126 weight: 1 visited: 0 marked 0
node: 127 weight: 0 visited: 0 marked 0
node: 128 weight: 2 visited: 0 marked 0
node: 129 weight: 3 visited: 0 marked 0
node: 130 weight: 1 visited: 0 marked 0
node: 131 weight: 0 visited: 0 marked 0
node: 132 weight: 1 visited: 0 marked 0
node: 133 weight: 0 visited: 0 marked 0
node: 134 weight: 2 visited: 0 marked 0
node: 135 weight: 1 visited: 0 marked 0
node: 136 weight: 0 visited: 0 marked 0
node: 137 weight: 1 visited: 0 marked 0
node: 138 weight: 0 visited: 0 marked 0
node: 139 weight: 2 visited: 0 marked 0
node: 140 weight: 3 visited: 0 marked 0
node: 141 weight: 4 visited: 0 marked 0
node: 142 weight: 5 visited: 0 marked 0
node: 143 weight: 1 visited: 0 marked 0
node: 144 weight: 0 visited: 0 marked 0
node: 145 weight: 1 visited: 0 marked 0
node: 146 weight: 0 visited: 0 marked 0
node: 147 weight: 2 visited: 0 marked 0
node: 148 weight: 1 visited: 0 marked 0
node: 149 weight: 0 visited: 0 marked 0
node: 150 weight: 1 visited: 0 marked 0
node: 151 weight: 0 visited: 0 marked 0
node: 152 weight: 2 visited: 0 marked 0
node: 153 weight: 3 visited: 0 marked 0
node: 154 weight: 1 visited: 0 marked 0
node: 155 weight: 0 visited: 0 marked 0
node: 156 weight: 1 visited: 0 marked 0
node: 157 weight: 0 visited: 0 marked 0
node: 158 weight: 2 visited: 0 marked 0
node: 159 weight: 1 visited: 0 marked 0
node: 160 weight: 0 visited: 0 marked 0
node: 161 weight: 1 visited: 0 marked 0
node: 162 weight: 0 visited: 0 marked 0
node: 163 weight: 2 visited: 0 marked 0
node: 164 weight: 3 visited: 0 marked 0
node: 165 weight: 4 visited: 0 marked 0
node: 166 weight: 1 visited: 0 marked 0
node: 167 weight: 0 visited: 0 marked 0
node: 168 weight: 1 visited: 0 marked 0
node: 169 weight: 0 visited: 0 marked 0
node: 170 weight: 2 visited: 0 marked 0
node: 171 weight: 1 visited: 0 marked 0
node: 172 weight: 0 visited: 0 marked 0
node: 173 weight: 1 visited: 0 marked 0
node: 174 weight: 0 visited: 0 marked 0
node: 175 weight: 2 visited: 0 marked 0
node: 176 weight: 3 visited: 0 marked 0
node: 177 weight: 1 visited: 0 marked 0
node: 178 weight: 0 visited: 0 marked 0
node: 179 weight: 1 visited: 0 marked 0
node: 180 weight: 0 visited: 0 marked 0
node: 181 weight: 2 visited: 0 marked 0
node: 182 weight: 1 visited: 0 marked 0
node: 183 weight: 0 visited: 0 marked 0
node: 184 weight: 1 visited: 0 marked 0
node: 185 weight: 0 visited: 0 marked 0
node: 186 weight: 2 visited: 0 marked 0
node: 187 weight: 3 visited: 0 marked 0
node: 188 weight: 4 visited: 0 marked 0
node: 189 weight: 5 visited: 0 marked 0
node: 190 weight: 7 visited: 0 marked 0
node: 191 weight: 7 visited: 0 marked 0
Finding random solution(s) with local optimum (2 opt)
========== Time expired ==========
# Conflicts: 313
Best found solution: 
Num nodes: 192
node: 0 weight: 5 visited: 0 marked 0
node: 1 weight: 4 visited: 0 marked 0
node: 2 weight: 1 visited: 0 marked 0
node: 3 weight: 4 visited: 0 marked 0
node: 4 weight: 1 visited: 0 marked 0
node: 5 weight: 2 visited: 0 marked 0
node: 6 weight: 3 visited: 0 marked 0
node: 7 weight: 0 visited: 0 marked 0
node: 8 weight: 3 visited: 0 marked 0
node: 9 weight: 5 visited: 0 marked 0
node: 10 weight: 1 visited: 0 marked 0
node: 11 weight: 1 visited: 0 marked 0
node: 12 weight: 1 visited: 0 marked 0
node: 13 weight: 1 visited: 0 marked 0
node: 14 weight: 0 visited: 0 marked 0
node: 15 weight: 3 visited: 0 marked 0
node: 16 weight: 1 visited: 0 marked 0
node: 17 weight: 0 visited: 0 marked 0
node: 18 weight: 0 visited: 0 marked 0
node: 19 weight: 3 visited: 0 marked 0
node: 20 weight: 2 visited: 0 marked 0
node: 21 weight: 3 visited: 0 marked 0
node: 22 weight: 3 visited: 0 marked 0
node: 23 weight: 5 visited: 0 marked 0
node: 24 weight: 5 visited: 0 marked 0
node: 25 weight: 5 visited: 0 marked 0
node: 26 weight: 2 visited: 0 marked 0
node: 27 weight: 5 visited: 0 marked 0
node: 28 weight: 3 visited: 0 marked 0
node: 29 weight: 3 visited: 0 marked 0
node: 30 weight: 3 visited: 0 marked 0
node: 31 weight: 3 visited: 0 marked 0
node: 32 weight: 5 visited: 0 marked 0
node: 33 weight: 2 visited: 0 marked 0
node: 34 weight: 1 visited: 0 marked 0
node: 35 weight: 0 visited: 0 marked 0
node: 36 weight: 4 visited: 0 marked 0
node: 37 weight: 2 visited: 0 marked 0
node: 38 weight: 4 visited: 0 marked 0
node: 39 weight: 0 visited: 0 marked 0
node: 40 weight: 2 visited: 0 marked 0
node: 41 weight: 0 visited: 0 marked 0
node: 42 weight: 5 visited: 0 marked 0
node: 43 weight: 3 visited: 0 marked 0
node: 44 weight: 5 visited: 0 marked 0
node: 45 weight: 0 visited: 0 marked 0
node: 46 weight: 4 visited: 0 marked 0
node: 47 weight: 1 visited: 0 marked 0
node: 48 weight: 4 visited: 0 marked 0
node: 49 weight: 5 visited: 0 marked 0
node: 50 weight: 2 visited: 0 marked 0
node: 51 weight: 4 visited: 0 marked 0
node: 52 weight: 0 visited: 0 marked 0
node: 53 weight: 3 visited: 0 marked 0
node: 54 weight: 4 visited: 0 marked 0
node: 55 weight: 5 visited: 0 marked 0
node: 56 weight: 2 visited: 0 marked 0
node: 57 weight: 4 visited: 0 marked 0
node: 58 weight: 2 visited: 0 marked 0
node: 59 weight: 0 visited: 0 marked 0
node: 60 weight: 1 visited: 0 marked 0
node: 61 weight: 3 visited: 0 marked 0
node: 62 weight: 1 visited: 0 marked 0
node: 63 weight: 4 visited: 0 marked 0
node: 64 weight: 0 visited: 0 marked 0
node: 65 weight: 2 visited: 0 marked 0
node: 66 weight: 3 visited: 0 marked 0
node: 67 weight: 2 visited: 0 marked 0
node: 68 weight: 5 visited: 0 marked 0
node: 69 weight: 1 visited: 0 marked 0
node: 70 weight: 2 visited: 0 marked 0
node: 71 weight: 5 visited: 0 marked 0
node: 72 weight: 1 visited: 0 marked 0
node: 73 weight: 2 visited: 0 marked 0
node: 74 weight: 2 visited: 0 marked 0
node: 75 weight: 1 visited: 0 marked 0
node: 76 weight: 2 visited: 0 marked 0
node: 77 weight: 0 visited: 0 marked 0
node: 78 weight: 0 visited: 0 marked 0
node: 79 weight: 4 visited: 0 marked 0
node: 80 weight: 3 visited: 0 marked 0
node: 81 weight: 2 visited: 0 marked 0
node: 82 weight: 2 visited: 0 marked 0
node: 83 weight: 2 visited: 0 marked 0
node: 84 weight: 5 visited: 0 marked 0
node: 85 weight: 4 visited: 0 marked 0
node: 86 weight: 1 visited: 0 marked 0
node: 87 weight: 5 visited: 0 marked 0
node: 88 weight: 3 visited: 0 marked 0
node: 89 weight: 4 visited: 0 marked 0
node: 90 weight: 3 visited: 0 marked 0
node: 91 weight: 2 visited: 0 marked 0
node: 92 weight: 1 visited: 0 marked 0
node: 93 weight: 4 visited: 0 marked 0
node: 94 weight: 1 visited: 0 marked 0
node: 95 weight: 5 visited: 0 marked 0
node: 96 weight: 5 visited: 0 marked 0
node: 97 weight: 4 visited: 0 marked 0
node: 98 weight: 2 visited: 0 marked 0
node: 99 weight: 4 visited: 0 marked 0
node: 100 weight: 5 visited: 0 marked 0
node: 101 weight: 2 visited: 0 marked 0
node: 102 weight: 3 visited: 0 marked 0
node: 103 weight: 5 visited: 0 marked 0
node: 104 weight: 4 visited: 0 marked 0
node: 105 weight: 3 visited: 0 marked 0
node: 106 weight: 4 visited: 0 marked 0
node: 107 weight: 4 visited: 0 marked 0
node: 108 weight: 1 visited: 0 marked 0
node: 109 weight: 4 visited: 0 marked 0
node: 110 weight: 0 visited: 0 marked 0
node: 111 weight: 3 visited: 0 marked 0
node: 112 weight: 4 visited: 0 marked 0
node: 113 weight: 3 visited: 0 marked 0
node: 114 weight: 5 visited: 0 marked 0
node: 115 weight: 1 visited: 0 marked 0
node: 116 weight: 1 visited: 0 marked 0
node: 117 weight: 0 visited: 0 marked 0
node: 118 weight: 4 visited: 0 marked 0
node: 119 weight: 2 visited: 0 marked 0
node: 120 weight: 2 visited: 0 marked 0
node: 121 weight: 2 visited: 0 marked 0
node: 122 weight: 5 visited: 0 marked 0
node: 123 weight: 2 visited: 0 marked 0
node: 124 weight: 0 visited: 0 marked 0
node: 125 weight: 4 visited: 0 marked 0
node: 126 weight: 1 visited: 0 marked 0
node: 127 weight: 5 visited: 0 marked 0
node: 128 weight: 2 visited: 0 marked 0
node: 129 weight: 1 visited: 0 marked 0
node: 130 weight: 1 visited: 0 marked 0
node: 131 weight: 5 visited: 0 marked 0
node: 132 weight: 4 visited: 0 marked 0
node: 133 weight: 2 visited: 0 marked 0
node: 134 weight: 2 visited: 0 marked 0
node: 135 weight: 0 visited: 0 marked 0
node: 136 weight: 3 visited: 0 marked 0
node: 137 weight: 0 visited: 0 marked 0
node: 138 weight: 3 visited: 0 marked 0
node: 139 weight: 5 visited: 0 marked 0
node: 140 weight: 2 visited: 0 marked 0
node: 141 weight: 3 visited: 0 marked 0
node: 142 weight: 0 visited: 0 marked 0
node: 143 weight: 4 visited: 0 marked 0
node: 144 weight: 0 visited: 0 marked 0
node: 145 weight: 5 visited: 0 marked 0
node: 146 weight: 3 visited: 0 marked 0
node: 147 weight: 0 visited: 0 marked 0
node: 148 weight: 3 visited: 0 marked 0
node: 149 weight: 2 visited: 0 marked 0
node: 150 weight: 2 visited: 0 marked 0
node: 151 weight: 4 visited: 0 marked 0
node: 152 weight: 4 visited: 0 marked 0
node: 153 weight: 5 visited: 0 marked 0
node: 154 weight: 0 visited: 0 marked 0
node: 155 weight: 4 visited: 0 marked 0
node: 156 weight: 3 visited: 0 marked 0
node: 157 weight: 1 visited: 0 marked 0
node: 158 weight: 2 visited: 0 marked 0
node: 159 weight: 3 visited: 0 marked 0
node: 160 weight: 3 visited: 0 marked 0
node: 161 weight: 3 visited: 0 marked 0
node: 162 weight: 1 visited: 0 marked 0
node: 163 weight: 5 visited: 0 marked 0
node: 164 weight: 4 visited: 0 marked 0
node: 165 weight: 3 visited: 0 marked 0
node: 166 weight: 5 visited: 0 marked 0
node: 167 weight: 1 visited: 0 marked 0
node: 168 weight: 2 visited: 0 marked 0
node: 169 weight: 2 visited: 0 marked 0
node: 170 weight: 4 visited: 0 marked 0
node: 171 weight: 2 visited: 0 marked 0
node: 172 weight: 4 visited: 0 marked 0
node: 173 weight: 4 visited: 0 marked 0
node: 174 weight: 1 visited: 0 marked 0
node: 175 weight: 2 visited: 0 marked 0
node: 176 weight: 1 visited: 0 marked 0
node: 177 weight: 4 visited: 0 marked 0
node: 178 weight: 0 visited: 0 marked 0
node: 179 weight: 5 visited: 0 marked 0
node: 180 weight: 0 visited: 0 marked 0
node: 181 weight: 3 visited: 0 marked 0
node: 182 weight: 3 visited: 0 marked 0
node: 183 weight: 2 visited: 0 marked 0
node: 184 weight: 0 visited: 0 marked 0
node: 185 weight: 1 visited: 0 marked 0
node: 186 weight: 1 visited: 0 marked 0
node: 187 weight: 2 visited: 0 marked 0
node: 188 weight: 2 visited: 0 marked 0
node: 189 weight: 1 visited: 0 marked 0
node: 190 weight: 5 visited: 0 marked 0
node: 191 weight: 3 visited: 0 marked 0
Finding random solution(s) with local optimum (3 opt)
========== Time expired ==========
# Conflicts: 309
Best found solution: 
Num nodes: 192
node: 0 weight: 2 visited: 0 marked 0
node: 1 weight: 0 visited: 0 marked 0
node: 2 weight: 0 visited: 0 marked 0
node: 3 weight: 0 visited: 0 marked 0
node: 4 weight: 0 visited: 0 marked 0
node: 5 weight: 2 visited: 0 marked 0
node: 6 weight: 1 visited: 0 marked 0
node: 7 weight: 1 visited: 0 marked 0
node: 8 weight: 2 visited: 0 marked 0
node: 9 weight: 4 visited: 0 marked 0
node: 10 weight: 1 visited: 0 marked 0
node: 11 weight: 5 visited: 0 marked 0
node: 12 weight: 4 visited: 0 marked 0
node: 13 weight: 1 visited: 0 marked 0
node: 14 weight: 0 visited: 0 marked 0
node: 15 weight: 1 visited: 0 marked 0
node: 16 weight: 4 visited: 0 marked 0
node: 17 weight: 4 visited: 0 marked 0
node: 18 weight: 2 visited: 0 marked 0
node: 19 weight: 0 visited: 0 marked 0
node: 20 weight: 4 visited: 0 marked 0
node: 21 weight: 4 visited: 0 marked 0
node: 22 weight: 5 visited: 0 marked 0
node: 23 weight: 3 visited: 0 marked 0
node: 24 weight: 3 visited: 0 marked 0
node: 25 weight: 5 visited: 0 marked 0
node: 26 weight: 4 visited: 0 marked 0
node: 27 weight: 2 visited: 0 marked 0
node: 28 weight: 5 visited: 0 marked 0
node: 29 weight: 3 visited: 0 marked 0
node: 30 weight: 1 visited: 0 marked 0
node: 31 weight: 5 visited: 0 marked 0
node: 32 weight: 3 visited: 0 marked 0
node: 33 weight: 5 visited: 0 marked 0
node: 34 weight: 3 visited: 0 marked 0
node: 35 weight: 1 visited: 0 marked 0
node: 36 weight: 2 visited: 0 marked 0
node: 37 weight: 4 visited: 0 marked 0
node: 38 weight: 1 visited: 0 marked 0
node: 39 weight: 4 visited: 0 marked 0
node: 40 weight: 0 visited: 0 marked 0
node: 41 weight: 2 visited: 0 marked 0
node: 42 weight: 1 visited: 0 marked 0
node: 43 weight: 4 visited: 0 marked 0
node: 44 weight: 2 visited: 0 marked 0
node: 45 weight: 0 visited: 0 marked 0
node: 46 weight: 3 visited: 0 marked 0
node: 47 weight: 4 visited: 0 marked 0
node: 48 weight: 4 visited: 0 marked 0
node: 49 weight: 4 visited: 0 marked 0
node: 50 weight: 4 visited: 0 marked 0
node: 51 weight: 2 visited: 0 marked 0
node: 52 weight: 2 visited: 0 marked 0
node: 53 weight: 2 visited: 0 marked 0
node: 54 weight: 4 visited: 0 marked 0
node: 55 weight: 4 visited: 0 marked 0
node: 56 weight: 1 visited: 0 marked 0
node: 57 weight: 0 visited: 0 marked 0
node: 58 weight: 0 visited: 0 marked 0
node: 59 weight: 4 visited: 0 marked 0
node: 60 weight: 3 visited: 0 marked 0
node: 61 weight: 1 visited: 0 marked 0
node: 62 weight: 1 visited: 0 marked 0
node: 63 weight: 4 visited: 0 marked 0
node: 64 weight: 1 visited: 0 marked 0
node: 65 weight: 4 visited: 0 marked 0
node: 66 weight: 4 visited: 0 marked 0
node: 67 weight: 1 visited: 0 marked 0
node: 68 weight: 0 visited: 0 marked 0
node: 69 weight: 5 visited: 0 marked 0
node: 70 weight: 3 visited: 0 marked 0
node: 71 weight: 1 visited: 0 marked 0
node: 72 weight: 5 visited: 0 marked 0
node: 73 weight: 5 visited: 0 marked 0
node: 74 weight: 3 visited: 0 marked 0
node: 75 weight: 5 visited: 0 marked 0
node: 76 weight: 5 visited: 0 marked 0
node: 77 weight: 5 visited: 0 marked 0
node: 78 weight: 3 visited: 0 marked 0
node: 79 weight: 1 visited: 0 marked 0
node: 80 weight: 3 visited: 0 marked 0
node: 81 weight: 2 visited: 0 marked 0
node: 82 weight: 2 visited: 0 marked 0
node: 83 weight: 5 visited: 0 marked 0
node: 84 weight: 2 visited: 0 marked 0
node: 85 weight: 0 visited: 0 marked 0
node: 86 weight: 1 visited: 0 marked 0
node: 87 weight: 3 visited: 0 marked 0
node: 88 weight: 0 visited: 0 marked 0
node: 89 weight: 2 visited: 0 marked 0
node: 90 weight: 1 visited: 0 marked 0
node: 91 weight: 2 visited: 0 marked 0
node: 92 weight: 1 visited: 0 marked 0
node: 93 weight: 0 visited: 0 marked 0
node: 94 weight: 4 visited: 0 marked 0
node: 95 weight: 0 visited: 0 marked 0
node: 96 weight: 4 visited: 0 marked 0
node: 97 weight: 2 visited: 0 marked 0
node: 98 weight: 1 visited: 0 marked 0
node: 99 weight: 4 visited: 0 marked 0
node: 100 weight: 5 visited: 0 marked 0
node: 101 weight: 3 visited: 0 marked 0
node: 102 weight: 3 visited: 0 marked 0
node: 103 weight: 3 visited: 0 marked 0
node: 104 weight: 2 visited: 0 marked 0
node: 105 weight: 5 visited: 0 marked 0
node: 106 weight: 2 visited: 0 marked 0
node: 107 weight: 5 visited: 0 marked 0
node: 108 weight: 4 visited: 0 marked 0
node: 109 weight: 0 visited: 0 marked 0
node: 110 weight: 0 visited: 0 marked 0
node: 111 weight: 5 visited: 0 marked 0
node: 112 weight: 0 visited: 0 marked 0
node: 113 weight: 2 visited: 0 marked 0
node: 114 weight: 4 visited: 0 marked 0
node: 115 weight: 2 visited: 0 marked 0
node: 116 weight: 2 visited: 0 marked 0
node: 117 weight: 4 visited: 0 marked 0
node: 118 weight: 3 visited: 0 marked 0
node: 119 weight: 3 visited: 0 marked 0
node: 120 weight: 0 visited: 0 marked 0
node: 121 weight: 2 visited: 0 marked 0
node: 122 weight: 3 visited: 0 marked 0
node: 123 weight: 5 visited: 0 marked 0
node: 124 weight: 2 visited: 0 marked 0
node: 125 weight: 1 visited: 0 marked 0
node: 126 weight: 0 visited: 0 marked 0
node: 127 weight: 0 visited: 0 marked 0
node: 128 weight: 2 visited: 0 marked 0
node: 129 weight: 5 visited: 0 marked 0
node: 130 weight: 2 visited: 0 marked 0
node: 131 weight: 1 visited: 0 marked 0
node: 132 weight: 2 visited: 0 marked 0
node: 133 weight: 4 visited: 0 marked 0
node: 134 weight: 2 visited: 0 marked 0
node: 135 weight: 2 visited: 0 marked 0
node: 136 weight: 3 visited: 0 marked 0
node: 137 weight: 5 visited: 0 marked 0
node: 138 weight: 1 visited: 0 marked 0
node: 139 weight: 5 visited: 0 marked 0
node: 140 weight: 5 visited: 0 marked 0
node: 141 weight: 2 visited: 0 marked 0
node: 142 weight: 4 visited: 0 marked 0
node: 143 weight: 3 visited: 0 marked 0
node: 144 weight: 4 visited: 0 marked 0
node: 145 weight: 0 visited: 0 marked 0
node: 146 weight: 5 visited: 0 marked 0
node: 147 weight: 5 visited: 0 marked 0
node: 148 weight: 4 visited: 0 marked 0
node: 149 weight: 0 visited: 0 marked 0
node: 150 weight: 0 visited: 0 marked 0
node: 151 weight: 2 visited: 0 marked 0
node: 152 weight: 2 visited: 0 marked 0
node: 153 weight: 3 visited: 0 marked 0
node: 154 weight: 2 visited: 0 marked 0
node: 155 weight: 4 visited: 0 marked 0
node: 156 weight: 4 visited: 0 marked 0
node: 157 weight: 0 visited: 0 marked 0
node: 158 weight: 2 visited: 0 marked 0
node: 159 weight: 4 visited: 0 marked 0
node: 160 weight: 5 visited: 0 marked 0
node: 161 weight: 2 visited: 0 marked 0
node: 162 weight: 0 visited: 0 marked 0
node: 163 weight: 0 visited: 0 marked 0
node: 164 weight: 0 visited: 0 marked 0
node: 165 weight: 2 visited: 0 marked 0
node: 166 weight: 2 visited: 0 marked 0
node: 167 weight: 1 visited: 0 marked 0
node: 168 weight: 5 visited: 0 marked 0
node: 169 weight: 4 visited: 0 marked 0
node: 170 weight: 0 visited: 0 marked 0
node: 171 weight: 2 visited: 0 marked 0
node: 172 weight: 0 visited: 0 marked 0
node: 173 weight: 4 visited: 0 marked 0
node: 174 weight: 5 visited: 0 marked 0
node: 175 weight: 2 visited: 0 marked 0
node: 176 weight: 3 visited: 0 marked 0
node: 177 weight: 2 visited: 0 marked 0
node: 178 weight: 1 visited: 0 marked 0
node: 179 weight: 1 visited: 0 marked 0
node: 180 weight: 0 visited: 0 marked 0
node: 181 weight: 5 visited: 0 marked 0
node: 182 weight: 4 visited: 0 marked 0
node: 183 weight: 2 visited: 0 marked 0
node: 184 weight: 2 visited: 0 marked 0
node: 185 weight: 4 visited: 0 marked 0
node: 186 weight: 4 visited: 0 marked 0
node: 187 weight: 5 visited: 0 marked 0
node: 188 weight: 4 visited: 0 marked 0
node: 189 weight: 0 visited: 0 marked 0
node: 190 weight: 3 visited: 0 marked 0
node: 191 weight: 1 visited: 0 marked 0
