Reading number of colors
Reading graph
Num colors: 4
Solving with Greedy
Finding local optimum (2 opt)
# Conflicts: 0
Best found solution: 
Num nodes: 24
node: 0 weight: 0 visited: 0 marked 0
node: 1 weight: 1 visited: 0 marked 0
node: 2 weight: 0 visited: 0 marked 0
node: 3 weight: 1 visited: 0 marked 0
node: 4 weight: 0 visited: 0 marked 0
node: 5 weight: 2 visited: 0 marked 0
node: 6 weight: 1 visited: 0 marked 0
node: 7 weight: 0 visited: 0 marked 0
node: 8 weight: 1 visited: 0 marked 0
node: 9 weight: 0 visited: 0 marked 0
node: 10 weight: 2 visited: 0 marked 0
node: 11 weight: 3 visited: 0 marked 0
node: 12 weight: 1 visited: 0 marked 0
node: 13 weight: 0 visited: 0 marked 0
node: 14 weight: 1 visited: 0 marked 0
node: 15 weight: 0 visited: 0 marked 0
node: 16 weight: 2 visited: 0 marked 0
node: 17 weight: 1 visited: 0 marked 0
node: 18 weight: 0 visited: 0 marked 0
node: 19 weight: 1 visited: 0 marked 0
node: 20 weight: 0 visited: 0 marked 0
node: 21 weight: 2 visited: 0 marked 0
node: 22 weight: 3 visited: 0 marked 0
node: 23 weight: 5 visited: 0 marked 0
Finding local optimum (3 opt)
# Conflicts: 0
Best found solution: 
Num nodes: 24
node: 0 weight: 0 visited: 0 marked 0
node: 1 weight: 1 visited: 0 marked 0
node: 2 weight: 0 visited: 0 marked 0
node: 3 weight: 1 visited: 0 marked 0
node: 4 weight: 0 visited: 0 marked 0
node: 5 weight: 2 visited: 0 marked 0
node: 6 weight: 1 visited: 0 marked 0
node: 7 weight: 0 visited: 0 marked 0
node: 8 weight: 1 visited: 0 marked 0
node: 9 weight: 0 visited: 0 marked 0
node: 10 weight: 2 visited: 0 marked 0
node: 11 weight: 3 visited: 0 marked 0
node: 12 weight: 1 visited: 0 marked 0
node: 13 weight: 0 visited: 0 marked 0
node: 14 weight: 1 visited: 0 marked 0
node: 15 weight: 0 visited: 0 marked 0
node: 16 weight: 2 visited: 0 marked 0
node: 17 weight: 1 visited: 0 marked 0
node: 18 weight: 0 visited: 0 marked 0
node: 19 weight: 1 visited: 0 marked 0
node: 20 weight: 0 visited: 0 marked 0
node: 21 weight: 2 visited: 0 marked 0
node: 22 weight: 3 visited: 0 marked 0
node: 23 weight: 5 visited: 0 marked 0
Finding random solution(s) with local optimum (2 opt)
========== Time expired ==========
# Conflicts: 2
Best found solution: 
Num nodes: 24
node: 0 weight: 1 visited: 0 marked 0
node: 1 weight: 0 visited: 0 marked 0
node: 2 weight: 3 visited: 0 marked 0
node: 3 weight: 1 visited: 0 marked 0
node: 4 weight: 1 visited: 0 marked 0
node: 5 weight: 0 visited: 0 marked 0
node: 6 weight: 0 visited: 0 marked 0
node: 7 weight: 3 visited: 0 marked 0
node: 8 weight: 2 visited: 0 marked 0
node: 9 weight: 3 visited: 0 marked 0
node: 10 weight: 2 visited: 0 marked 0
node: 11 weight: 1 visited: 0 marked 0
node: 12 weight: 2 visited: 0 marked 0
node: 13 weight: 3 visited: 0 marked 0
node: 14 weight: 2 visited: 0 marked 0
node: 15 weight: 1 visited: 0 marked 0
node: 16 weight: 2 visited: 0 marked 0
node: 17 weight: 2 visited: 0 marked 0
node: 18 weight: 2 visited: 0 marked 0
node: 19 weight: 2 visited: 0 marked 0
node: 20 weight: 3 visited: 0 marked 0
node: 21 weight: 3 visited: 0 marked 0
node: 22 weight: 1 visited: 0 marked 0
node: 23 weight: 0 visited: 0 marked 0
Finding random solution(s) with local optimum (3 opt)
========== Time expired ==========
# Conflicts: 1
Best found solution: 
Num nodes: 24
node: 0 weight: 0 visited: 0 marked 0
node: 1 weight: 1 visited: 0 marked 0
node: 2 weight: 3 visited: 0 marked 0
node: 3 weight: 1 visited: 0 marked 0
node: 4 weight: 3 visited: 0 marked 0
node: 5 weight: 3 visited: 0 marked 0
node: 6 weight: 0 visited: 0 marked 0
node: 7 weight: 0 visited: 0 marked 0
node: 8 weight: 0 visited: 0 marked 0
node: 9 weight: 0 visited: 0 marked 0
node: 10 weight: 0 visited: 0 marked 0
node: 11 weight: 3 visited: 0 marked 0
node: 12 weight: 2 visited: 0 marked 0
node: 13 weight: 2 visited: 0 marked 0
node: 14 weight: 2 visited: 0 marked 0
node: 15 weight: 2 visited: 0 marked 0
node: 16 weight: 2 visited: 0 marked 0
node: 17 weight: 2 visited: 0 marked 0
node: 18 weight: 0 visited: 0 marked 0
node: 19 weight: 0 visited: 0 marked 0
node: 20 weight: 2 visited: 0 marked 0
node: 21 weight: 0 visited: 0 marked 0
node: 22 weight: 3 visited: 0 marked 0
node: 23 weight: 1 visited: 0 marked 0
