Reading number of colors
Reading graph
Num colors: 4
Solving with Greedy
Finding local optimum (2 opt)
# Conflicts: 0
Best found solution: 
Num nodes: 12
node: 0 weight: 0 visited: 0 marked 0
node: 1 weight: 1 visited: 0 marked 0
node: 2 weight: 0 visited: 0 marked 0
node: 3 weight: 1 visited: 0 marked 0
node: 4 weight: 0 visited: 0 marked 0
node: 5 weight: 2 visited: 0 marked 0
node: 6 weight: 1 visited: 0 marked 0
node: 7 weight: 0 visited: 0 marked 0
node: 8 weight: 1 visited: 0 marked 0
node: 9 weight: 0 visited: 0 marked 0
node: 10 weight: 2 visited: 0 marked 0
node: 11 weight: 3 visited: 0 marked 0
Finding local optimum (3 opt)
# Conflicts: 0
Best found solution: 
Num nodes: 12
node: 0 weight: 0 visited: 0 marked 0
node: 1 weight: 1 visited: 0 marked 0
node: 2 weight: 0 visited: 0 marked 0
node: 3 weight: 1 visited: 0 marked 0
node: 4 weight: 0 visited: 0 marked 0
node: 5 weight: 2 visited: 0 marked 0
node: 6 weight: 1 visited: 0 marked 0
node: 7 weight: 0 visited: 0 marked 0
node: 8 weight: 1 visited: 0 marked 0
node: 9 weight: 0 visited: 0 marked 0
node: 10 weight: 2 visited: 0 marked 0
node: 11 weight: 3 visited: 0 marked 0
Finding random solution(s) with local optimum (2 opt)
# Conflicts: 0
Best found solution: 
Num nodes: 12
node: 0 weight: 1 visited: 0 marked 0
node: 1 weight: 0 visited: 0 marked 0
node: 2 weight: 1 visited: 0 marked 0
node: 3 weight: 2 visited: 0 marked 0
node: 4 weight: 3 visited: 0 marked 0
node: 5 weight: 0 visited: 0 marked 0
node: 6 weight: 2 visited: 0 marked 0
node: 7 weight: 1 visited: 0 marked 0
node: 8 weight: 3 visited: 0 marked 0
node: 9 weight: 3 visited: 0 marked 0
node: 10 weight: 1 visited: 0 marked 0
node: 11 weight: 0 visited: 0 marked 0
Finding random solution(s) with local optimum (3 opt)
# Conflicts: 0
Best found solution: 
Num nodes: 12
node: 0 weight: 3 visited: 0 marked 0
node: 1 weight: 1 visited: 0 marked 0
node: 2 weight: 0 visited: 0 marked 0
node: 3 weight: 2 visited: 0 marked 0
node: 4 weight: 3 visited: 0 marked 0
node: 5 weight: 0 visited: 0 marked 0
node: 6 weight: 2 visited: 0 marked 0
node: 7 weight: 3 visited: 0 marked 0
node: 8 weight: 2 visited: 0 marked 0
node: 9 weight: 3 visited: 0 marked 0
node: 10 weight: 1 visited: 0 marked 0
node: 11 weight: 0 visited: 0 marked 0
