Reading number of colors
Reading graph
Num colors: 6
Solving with Greedy
Finding local optimum (2 opt)
# Conflicts: 0
Best found solution: 
Num nodes: 96
node: 0 weight: 0 visited: 0 marked 0
node: 1 weight: 1 visited: 0 marked 0
node: 2 weight: 0 visited: 0 marked 0
node: 3 weight: 1 visited: 0 marked 0
node: 4 weight: 0 visited: 0 marked 0
node: 5 weight: 2 visited: 0 marked 0
node: 6 weight: 1 visited: 0 marked 0
node: 7 weight: 0 visited: 0 marked 0
node: 8 weight: 1 visited: 0 marked 0
node: 9 weight: 0 visited: 0 marked 0
node: 10 weight: 2 visited: 0 marked 0
node: 11 weight: 3 visited: 0 marked 0
node: 12 weight: 1 visited: 0 marked 0
node: 13 weight: 0 visited: 0 marked 0
node: 14 weight: 1 visited: 0 marked 0
node: 15 weight: 0 visited: 0 marked 0
node: 16 weight: 2 visited: 0 marked 0
node: 17 weight: 1 visited: 0 marked 0
node: 18 weight: 0 visited: 0 marked 0
node: 19 weight: 1 visited: 0 marked 0
node: 20 weight: 0 visited: 0 marked 0
node: 21 weight: 2 visited: 0 marked 0
node: 22 weight: 3 visited: 0 marked 0
node: 23 weight: 4 visited: 0 marked 0
node: 24 weight: 1 visited: 0 marked 0
node: 25 weight: 0 visited: 0 marked 0
node: 26 weight: 1 visited: 0 marked 0
node: 27 weight: 0 visited: 0 marked 0
node: 28 weight: 2 visited: 0 marked 0
node: 29 weight: 1 visited: 0 marked 0
node: 30 weight: 0 visited: 0 marked 0
node: 31 weight: 1 visited: 0 marked 0
node: 32 weight: 0 visited: 0 marked 0
node: 33 weight: 2 visited: 0 marked 0
node: 34 weight: 3 visited: 0 marked 0
node: 35 weight: 1 visited: 0 marked 0
node: 36 weight: 0 visited: 0 marked 0
node: 37 weight: 1 visited: 0 marked 0
node: 38 weight: 0 visited: 0 marked 0
node: 39 weight: 2 visited: 0 marked 0
node: 40 weight: 1 visited: 0 marked 0
node: 41 weight: 0 visited: 0 marked 0
node: 42 weight: 1 visited: 0 marked 0
node: 43 weight: 0 visited: 0 marked 0
node: 44 weight: 2 visited: 0 marked 0
node: 45 weight: 3 visited: 0 marked 0
node: 46 weight: 4 visited: 0 marked 0
node: 47 weight: 5 visited: 0 marked 0
node: 48 weight: 1 visited: 0 marked 0
node: 49 weight: 0 visited: 0 marked 0
node: 50 weight: 1 visited: 0 marked 0
node: 51 weight: 0 visited: 0 marked 0
node: 52 weight: 2 visited: 0 marked 0
node: 53 weight: 1 visited: 0 marked 0
node: 54 weight: 0 visited: 0 marked 0
node: 55 weight: 1 visited: 0 marked 0
node: 56 weight: 0 visited: 0 marked 0
node: 57 weight: 2 visited: 0 marked 0
node: 58 weight: 3 visited: 0 marked 0
node: 59 weight: 1 visited: 0 marked 0
node: 60 weight: 0 visited: 0 marked 0
node: 61 weight: 1 visited: 0 marked 0
node: 62 weight: 0 visited: 0 marked 0
node: 63 weight: 2 visited: 0 marked 0
node: 64 weight: 1 visited: 0 marked 0
node: 65 weight: 0 visited: 0 marked 0
node: 66 weight: 1 visited: 0 marked 0
node: 67 weight: 0 visited: 0 marked 0
node: 68 weight: 2 visited: 0 marked 0
node: 69 weight: 3 visited: 0 marked 0
node: 70 weight: 4 visited: 0 marked 0
node: 71 weight: 1 visited: 0 marked 0
node: 72 weight: 0 visited: 0 marked 0
node: 73 weight: 1 visited: 0 marked 0
node: 74 weight: 0 visited: 0 marked 0
node: 75 weight: 2 visited: 0 marked 0
node: 76 weight: 1 visited: 0 marked 0
node: 77 weight: 0 visited: 0 marked 0
node: 78 weight: 1 visited: 0 marked 0
node: 79 weight: 0 visited: 0 marked 0
node: 80 weight: 2 visited: 0 marked 0
node: 81 weight: 3 visited: 0 marked 0
node: 82 weight: 1 visited: 0 marked 0
node: 83 weight: 0 visited: 0 marked 0
node: 84 weight: 1 visited: 0 marked 0
node: 85 weight: 0 visited: 0 marked 0
node: 86 weight: 2 visited: 0 marked 0
node: 87 weight: 1 visited: 0 marked 0
node: 88 weight: 0 visited: 0 marked 0
node: 89 weight: 1 visited: 0 marked 0
node: 90 weight: 0 visited: 0 marked 0
node: 91 weight: 2 visited: 0 marked 0
node: 92 weight: 3 visited: 0 marked 0
node: 93 weight: 4 visited: 0 marked 0
node: 94 weight: 5 visited: 0 marked 0
node: 95 weight: 7 visited: 0 marked 0
Finding local optimum (3 opt)
# Conflicts: 0
Best found solution: 
Num nodes: 96
node: 0 weight: 0 visited: 0 marked 0
node: 1 weight: 1 visited: 0 marked 0
node: 2 weight: 0 visited: 0 marked 0
node: 3 weight: 1 visited: 0 marked 0
node: 4 weight: 0 visited: 0 marked 0
node: 5 weight: 2 visited: 0 marked 0
node: 6 weight: 1 visited: 0 marked 0
node: 7 weight: 0 visited: 0 marked 0
node: 8 weight: 1 visited: 0 marked 0
node: 9 weight: 0 visited: 0 marked 0
node: 10 weight: 2 visited: 0 marked 0
node: 11 weight: 3 visited: 0 marked 0
node: 12 weight: 1 visited: 0 marked 0
node: 13 weight: 0 visited: 0 marked 0
node: 14 weight: 1 visited: 0 marked 0
node: 15 weight: 0 visited: 0 marked 0
node: 16 weight: 2 visited: 0 marked 0
node: 17 weight: 1 visited: 0 marked 0
node: 18 weight: 0 visited: 0 marked 0
node: 19 weight: 1 visited: 0 marked 0
node: 20 weight: 0 visited: 0 marked 0
node: 21 weight: 2 visited: 0 marked 0
node: 22 weight: 3 visited: 0 marked 0
node: 23 weight: 4 visited: 0 marked 0
node: 24 weight: 1 visited: 0 marked 0
node: 25 weight: 0 visited: 0 marked 0
node: 26 weight: 1 visited: 0 marked 0
node: 27 weight: 0 visited: 0 marked 0
node: 28 weight: 2 visited: 0 marked 0
node: 29 weight: 1 visited: 0 marked 0
node: 30 weight: 0 visited: 0 marked 0
node: 31 weight: 1 visited: 0 marked 0
node: 32 weight: 0 visited: 0 marked 0
node: 33 weight: 2 visited: 0 marked 0
node: 34 weight: 3 visited: 0 marked 0
node: 35 weight: 1 visited: 0 marked 0
node: 36 weight: 0 visited: 0 marked 0
node: 37 weight: 1 visited: 0 marked 0
node: 38 weight: 0 visited: 0 marked 0
node: 39 weight: 2 visited: 0 marked 0
node: 40 weight: 1 visited: 0 marked 0
node: 41 weight: 0 visited: 0 marked 0
node: 42 weight: 1 visited: 0 marked 0
node: 43 weight: 0 visited: 0 marked 0
node: 44 weight: 2 visited: 0 marked 0
node: 45 weight: 3 visited: 0 marked 0
node: 46 weight: 4 visited: 0 marked 0
node: 47 weight: 5 visited: 0 marked 0
node: 48 weight: 1 visited: 0 marked 0
node: 49 weight: 0 visited: 0 marked 0
node: 50 weight: 1 visited: 0 marked 0
node: 51 weight: 0 visited: 0 marked 0
node: 52 weight: 2 visited: 0 marked 0
node: 53 weight: 1 visited: 0 marked 0
node: 54 weight: 0 visited: 0 marked 0
node: 55 weight: 1 visited: 0 marked 0
node: 56 weight: 0 visited: 0 marked 0
node: 57 weight: 2 visited: 0 marked 0
node: 58 weight: 3 visited: 0 marked 0
node: 59 weight: 1 visited: 0 marked 0
node: 60 weight: 0 visited: 0 marked 0
node: 61 weight: 1 visited: 0 marked 0
node: 62 weight: 0 visited: 0 marked 0
node: 63 weight: 2 visited: 0 marked 0
node: 64 weight: 1 visited: 0 marked 0
node: 65 weight: 0 visited: 0 marked 0
node: 66 weight: 1 visited: 0 marked 0
node: 67 weight: 0 visited: 0 marked 0
node: 68 weight: 2 visited: 0 marked 0
node: 69 weight: 3 visited: 0 marked 0
node: 70 weight: 4 visited: 0 marked 0
node: 71 weight: 1 visited: 0 marked 0
node: 72 weight: 0 visited: 0 marked 0
node: 73 weight: 1 visited: 0 marked 0
node: 74 weight: 0 visited: 0 marked 0
node: 75 weight: 2 visited: 0 marked 0
node: 76 weight: 1 visited: 0 marked 0
node: 77 weight: 0 visited: 0 marked 0
node: 78 weight: 1 visited: 0 marked 0
node: 79 weight: 0 visited: 0 marked 0
node: 80 weight: 2 visited: 0 marked 0
node: 81 weight: 3 visited: 0 marked 0
node: 82 weight: 1 visited: 0 marked 0
node: 83 weight: 0 visited: 0 marked 0
node: 84 weight: 1 visited: 0 marked 0
node: 85 weight: 0 visited: 0 marked 0
node: 86 weight: 2 visited: 0 marked 0
node: 87 weight: 1 visited: 0 marked 0
node: 88 weight: 0 visited: 0 marked 0
node: 89 weight: 1 visited: 0 marked 0
node: 90 weight: 0 visited: 0 marked 0
node: 91 weight: 2 visited: 0 marked 0
node: 92 weight: 3 visited: 0 marked 0
node: 93 weight: 4 visited: 0 marked 0
node: 94 weight: 5 visited: 0 marked 0
node: 95 weight: 7 visited: 0 marked 0
Finding random solution(s) with local optimum (2 opt)
========== Time expired ==========
# Conflicts: 80
Best found solution: 
Num nodes: 96
node: 0 weight: 4 visited: 0 marked 0
node: 1 weight: 5 visited: 0 marked 0
node: 2 weight: 0 visited: 0 marked 0
node: 3 weight: 1 visited: 0 marked 0
node: 4 weight: 2 visited: 0 marked 0
node: 5 weight: 0 visited: 0 marked 0
node: 6 weight: 3 visited: 0 marked 0
node: 7 weight: 0 visited: 0 marked 0
node: 8 weight: 5 visited: 0 marked 0
node: 9 weight: 2 visited: 0 marked 0
node: 10 weight: 2 visited: 0 marked 0
node: 11 weight: 3 visited: 0 marked 0
node: 12 weight: 0 visited: 0 marked 0
node: 13 weight: 5 visited: 0 marked 0
node: 14 weight: 1 visited: 0 marked 0
node: 15 weight: 3 visited: 0 marked 0
node: 16 weight: 5 visited: 0 marked 0
node: 17 weight: 5 visited: 0 marked 0
node: 18 weight: 4 visited: 0 marked 0
node: 19 weight: 3 visited: 0 marked 0
node: 20 weight: 5 visited: 0 marked 0
node: 21 weight: 3 visited: 0 marked 0
node: 22 weight: 4 visited: 0 marked 0
node: 23 weight: 2 visited: 0 marked 0
node: 24 weight: 3 visited: 0 marked 0
node: 25 weight: 2 visited: 0 marked 0
node: 26 weight: 3 visited: 0 marked 0
node: 27 weight: 4 visited: 0 marked 0
node: 28 weight: 4 visited: 0 marked 0
node: 29 weight: 5 visited: 0 marked 0
node: 30 weight: 0 visited: 0 marked 0
node: 31 weight: 0 visited: 0 marked 0
node: 32 weight: 4 visited: 0 marked 0
node: 33 weight: 0 visited: 0 marked 0
node: 34 weight: 1 visited: 0 marked 0
node: 35 weight: 0 visited: 0 marked 0
node: 36 weight: 0 visited: 0 marked 0
node: 37 weight: 5 visited: 0 marked 0
node: 38 weight: 0 visited: 0 marked 0
node: 39 weight: 5 visited: 0 marked 0
node: 40 weight: 5 visited: 0 marked 0
node: 41 weight: 0 visited: 0 marked 0
node: 42 weight: 0 visited: 0 marked 0
node: 43 weight: 3 visited: 0 marked 0
node: 44 weight: 4 visited: 0 marked 0
node: 45 weight: 0 visited: 0 marked 0
node: 46 weight: 0 visited: 0 marked 0
node: 47 weight: 1 visited: 0 marked 0
node: 48 weight: 5 visited: 0 marked 0
node: 49 weight: 4 visited: 0 marked 0
node: 50 weight: 4 visited: 0 marked 0
node: 51 weight: 2 visited: 0 marked 0
node: 52 weight: 1 visited: 0 marked 0
node: 53 weight: 0 visited: 0 marked 0
node: 54 weight: 2 visited: 0 marked 0
node: 55 weight: 3 visited: 0 marked 0
node: 56 weight: 0 visited: 0 marked 0
node: 57 weight: 0 visited: 0 marked 0
node: 58 weight: 1 visited: 0 marked 0
node: 59 weight: 5 visited: 0 marked 0
node: 60 weight: 5 visited: 0 marked 0
node: 61 weight: 1 visited: 0 marked 0
node: 62 weight: 5 visited: 0 marked 0
node: 63 weight: 3 visited: 0 marked 0
node: 64 weight: 5 visited: 0 marked 0
node: 65 weight: 5 visited: 0 marked 0
node: 66 weight: 3 visited: 0 marked 0
node: 67 weight: 5 visited: 0 marked 0
node: 68 weight: 2 visited: 0 marked 0
node: 69 weight: 1 visited: 0 marked 0
node: 70 weight: 2 visited: 0 marked 0
node: 71 weight: 1 visited: 0 marked 0
node: 72 weight: 0 visited: 0 marked 0
node: 73 weight: 1 visited: 0 marked 0
node: 74 weight: 4 visited: 0 marked 0
node: 75 weight: 4 visited: 0 marked 0
node: 76 weight: 1 visited: 0 marked 0
node: 77 weight: 2 visited: 0 marked 0
node: 78 weight: 5 visited: 0 marked 0
node: 79 weight: 4 visited: 0 marked 0
node: 80 weight: 0 visited: 0 marked 0
node: 81 weight: 1 visited: 0 marked 0
node: 82 weight: 4 visited: 0 marked 0
node: 83 weight: 0 visited: 0 marked 0
node: 84 weight: 5 visited: 0 marked 0
node: 85 weight: 1 visited: 0 marked 0
node: 86 weight: 3 visited: 0 marked 0
node: 87 weight: 0 visited: 0 marked 0
node: 88 weight: 5 visited: 0 marked 0
node: 89 weight: 2 visited: 0 marked 0
node: 90 weight: 5 visited: 0 marked 0
node: 91 weight: 4 visited: 0 marked 0
node: 92 weight: 1 visited: 0 marked 0
node: 93 weight: 2 visited: 0 marked 0
node: 94 weight: 1 visited: 0 marked 0
node: 95 weight: 0 visited: 0 marked 0
Finding random solution(s) with local optimum (3 opt)
========== Time expired ==========
# Conflicts: 77
Best found solution: 
Num nodes: 96
node: 0 weight: 5 visited: 0 marked 0
node: 1 weight: 1 visited: 0 marked 0
node: 2 weight: 1 visited: 0 marked 0
node: 3 weight: 4 visited: 0 marked 0
node: 4 weight: 2 visited: 0 marked 0
node: 5 weight: 5 visited: 0 marked 0
node: 6 weight: 1 visited: 0 marked 0
node: 7 weight: 2 visited: 0 marked 0
node: 8 weight: 1 visited: 0 marked 0
node: 9 weight: 0 visited: 0 marked 0
node: 10 weight: 0 visited: 0 marked 0
node: 11 weight: 1 visited: 0 marked 0
node: 12 weight: 5 visited: 0 marked 0
node: 13 weight: 2 visited: 0 marked 0
node: 14 weight: 4 visited: 0 marked 0
node: 15 weight: 2 visited: 0 marked 0
node: 16 weight: 4 visited: 0 marked 0
node: 17 weight: 3 visited: 0 marked 0
node: 18 weight: 4 visited: 0 marked 0
node: 19 weight: 2 visited: 0 marked 0
node: 20 weight: 3 visited: 0 marked 0
node: 21 weight: 3 visited: 0 marked 0
node: 22 weight: 5 visited: 0 marked 0
node: 23 weight: 0 visited: 0 marked 0
node: 24 weight: 5 visited: 0 marked 0
node: 25 weight: 2 visited: 0 marked 0
node: 26 weight: 5 visited: 0 marked 0
node: 27 weight: 2 visited: 0 marked 0
node: 28 weight: 0 visited: 0 marked 0
node: 29 weight: 1 visited: 0 marked 0
node: 30 weight: 2 visited: 0 marked 0
node: 31 weight: 3 visited: 0 marked 0
node: 32 weight: 2 visited: 0 marked 0
node: 33 weight: 3 visited: 0 marked 0
node: 34 weight: 1 visited: 0 marked 0
node: 35 weight: 5 visited: 0 marked 0
node: 36 weight: 2 visited: 0 marked 0
node: 37 weight: 2 visited: 0 marked 0
node: 38 weight: 5 visited: 0 marked 0
node: 39 weight: 2 visited: 0 marked 0
node: 40 weight: 0 visited: 0 marked 0
node: 41 weight: 5 visited: 0 marked 0
node: 42 weight: 3 visited: 0 marked 0
node: 43 weight: 4 visited: 0 marked 0
node: 44 weight: 1 visited: 0 marked 0
node: 45 weight: 5 visited: 0 marked 0
node: 46 weight: 0 visited: 0 marked 0
node: 47 weight: 0 visited: 0 marked 0
node: 48 weight: 1 visited: 0 marked 0
node: 49 weight: 4 visited: 0 marked 0
node: 50 weight: 0 visited: 0 marked 0
node: 51 weight: 2 visited: 0 marked 0
node: 52 weight: 1 visited: 0 marked 0
node: 53 weight: 5 visited: 0 marked 0
node: 54 weight: 2 visited: 0 marked 0
node: 55 weight: 1 visited: 0 marked 0
node: 56 weight: 0 visited: 0 marked 0
node: 57 weight: 0 visited: 0 marked 0
node: 58 weight: 1 visited: 0 marked 0
node: 59 weight: 0 visited: 0 marked 0
node: 60 weight: 1 visited: 0 marked 0
node: 61 weight: 3 visited: 0 marked 0
node: 62 weight: 2 visited: 0 marked 0
node: 63 weight: 1 visited: 0 marked 0
node: 64 weight: 4 visited: 0 marked 0
node: 65 weight: 3 visited: 0 marked 0
node: 66 weight: 4 visited: 0 marked 0
node: 67 weight: 4 visited: 0 marked 0
node: 68 weight: 4 visited: 0 marked 0
node: 69 weight: 4 visited: 0 marked 0
node: 70 weight: 0 visited: 0 marked 0
node: 71 weight: 4 visited: 0 marked 0
node: 72 weight: 3 visited: 0 marked 0
node: 73 weight: 2 visited: 0 marked 0
node: 74 weight: 2 visited: 0 marked 0
node: 75 weight: 5 visited: 0 marked 0
node: 76 weight: 5 visited: 0 marked 0
node: 77 weight: 0 visited: 0 marked 0
node: 78 weight: 3 visited: 0 marked 0
node: 79 weight: 0 visited: 0 marked 0
node: 80 weight: 4 visited: 0 marked 0
node: 81 weight: 3 visited: 0 marked 0
node: 82 weight: 3 visited: 0 marked 0
node: 83 weight: 4 visited: 0 marked 0
node: 84 weight: 1 visited: 0 marked 0
node: 85 weight: 3 visited: 0 marked 0
node: 86 weight: 3 visited: 0 marked 0
node: 87 weight: 5 visited: 0 marked 0
node: 88 weight: 3 visited: 0 marked 0
node: 89 weight: 4 visited: 0 marked 0
node: 90 weight: 3 visited: 0 marked 0
node: 91 weight: 2 visited: 0 marked 0
node: 92 weight: 1 visited: 0 marked 0
node: 93 weight: 5 visited: 0 marked 0
node: 94 weight: 4 visited: 0 marked 0
node: 95 weight: 5 visited: 0 marked 0
