Reading knapsack instance
Cost limit: 7969
Solving with Greedy
Finding local optimium (2 opt)
------------------------------------------------
Total value: 9936
Total cost: 7936

0  461 361
1  101 1
2  219 119
3  996 896
4  287 187
5  467 367
6  1097 997
7  790 690
8  122 22
9  713 613
10  447 347
11  974 874
12  622 522
13  222 122
23  425 325
26  507 407
28  376 276
29  223 123
30  431 331
31  456 356

Finding local optimium (3 opt)
------------------------------------------------
Total value: 9936
Total cost: 7936

0  461 361
1  101 1
2  219 119
3  996 896
4  287 187
5  467 367
6  1097 997
7  790 690
8  122 22
9  713 613
10  447 347
11  974 874
12  622 522
13  222 122
23  425 325
26  507 407
28  376 276
29  223 123
30  431 331
31  456 356

Finding random solution(s) with local optimum (2 opt)
========== Time expired ==========
========== Time expired ==========
------------------------------------------------
Total value: 10057
Total cost: 7957

0  461 361
1  101 1
2  219 119
3  996 896
4  287 187
5  467 367
7  790 690
8  122 22
10  447 347
12  622 522
13  222 122
15  586 486
18  332 232
20  654 554
21  689 589
23  425 325
25  1100 1000
26  507 407
28  376 276
29  223 123
30  431 331

Finding random solution(s) with local optimum (3 opt)
========== Time expired ==========
========== Time expired ==========
------------------------------------------------
Total value: 10058
Total cost: 7958

0  461 361
1  101 1
2  219 119
3  996 896
4  287 187
5  467 367
6  1097 997
7  790 690
8  122 22
12  622 522
13  222 122
15  586 486
18  332 232
19  563 463
22  775 675
23  425 325
26  507 407
28  376 276
29  223 123
30  431 331
31  456 356

