Reading knapsack instance
Cost limit: 1330949
Solving with Greedy
Finding local optimium (2 opt)
------------------------------------------------
Total value: 1687853
Total cost: 1330853

0  4701 3701
1  1001 1
2  7119 6119
3  2896 1896
4  8187 7187
5  8367 7367
6  1997 997
7  8690 7690
8  2022 1022
9  8613 7613
16  1705 705
20  4554 3554
21  5589 4589
23  6325 5325
25  5000 4000
27  6776 5776
28  5276 4276
29  3123 2123
34  6798 5798
35  7047 6047
36  1427 427
40  2091 1091
41  6247 5247
43  4211 3211
44  7010 6010
46  6838 5838
47  3627 2627
48  2725 1725
49  4760 3760
50  4843 3843
51  5776 4776
52  7137 6137
53  7475 6475
54  5977 4977
55  1937 937
57  3101 2101
58  4099 3099
59  5281 4281
60  5609 4609
63  4530 3530
64  7097 6097
66  1975 975
67  7248 6248
69  4768 3768
70  3241 2241
71  7031 6031
72  6584 5584
74  2348 1348
75  2881 1881
77  6367 5367
78  6178 5178
80  2641 1641
82  7898 6898
85  5824 4824
86  4391 3391
88  7101 6101
89  4472 3472
90  4636 3636
92  2087 1087
93  1775 775
95  3371 2371
96  6867 5867
97  2337 1337
98  3054 2054
100  2509 1509
101  7204 6204
102  3989 2989
103  6594 5594
107  6226 5226
108  3513 2513
110  4201 3201
112  2227 1227
113  8112 7112
114  5082 4082
115  3959 2959
116  1296 296
117  1392 392
118  6802 5802
119  6709 5709
120  4537 3537
121  2940 1940
122  3943 2943
124  3997 2997
125  1079 79
127  1922 922
131  4947 3947
136  2250 1250
137  4754 3754
138  7586 6586
140  3631 2631
141  5636 4636
142  6752 5752
145  1390 390
146  2542 1542
149  7111 6111
150  7550 6550
151  1588 588
154  7702 6702
155  6155 5155
156  3020 2020
157  3723 2723
158  4179 3179
159  5723 4723
160  2770 1770
161  1667 667
162  3095 2095
163  5829 4829
164  2598 1598
166  7885 6885
167  2590 1590
168  5239 4239
170  7037 6037
171  2823 1823
173  8173 7173
174  2923 1923
175  2056 1056
176  6261 5261
177  5977 4977
178  1786 786
180  1046 46
181  7689 6689
182  7438 6438
183  7933 6933
184  3116 2116
186  7503 6503
188  4603 3603
189  6686 5686
190  7194 6194
191  7466 6466
192  3341 2341
194  4545 3545
195  1784 784
198  3810 2810
199  7223 6223
200  3260 2260
201  6541 5541
202  6197 5197
203  7061 6061
204  4213 3213
205  2416 1416
208  8062 7062
209  7205 6205
211  7152 6152
212  1269 269
213  7913 6913
215  1267 267
217  6249 5249
218  1174 174
220  2700 1700
221  7174 6174
222  1114 114
223  5939 4939
225  5519 4519
226  6905 5905
227  1056 56
229  6381 5381
230  2369 1369
231  6551 5551
232  6525 5525
233  2128 1128
234  4987 3987
235  7812 6812
236  3660 2660
237  2753 1753
240  4764 3764
241  3684 2684
243  7830 6830
244  5905 4905
246  8030 7030
247  6330 5330
248  1384 384
249  3115 2115
250  7981 6981
251  6038 5038
252  6483 5483
253  5445 4445
254  5176 4176
255  2619 1619
256  1570 570
258  7891 6891
259  4896 3896
260  6446 5446
262  5567 4567
263  6306 5306
264  7646 6646
267  7800 6800
268  4893 3893
269  6612 5612
270  5723 4723
272  2771 1771
276  7279 6279
278  3253 2253
279  5126 4126
280  4262 3262
281  4603 3603
282  5802 4802
284  7861 6861
285  6209 5209
288  8131 7131
291  7677 6677
292  6290 5290
293  3863 2863
294  1296 296
295  5292 4292
296  1172 172
297  3444 2444
298  1158 158
300  5241 4241
304  1958 958
306  1694 694
307  5981 4981
309  4797 3797
310  8145 7145
311  2507 1507
312  1819 819
313  2715 1715
314  6672 5672
315  2512 1512
316  1638 638
319  3076 2076
320  4915 3915
321  5022 4022
322  4879 3879
324  6014 5014
325  1866 866
326  1975 975
327  2074 1074
328  7185 6185
329  6508 5508
331  6243 5243
332  3511 2511
333  7776 6776
334  1767 767
335  1326 326
336  5579 4579
337  6694 5694
338  2496 1496
339  2662 1662
341  4017 3017
342  1829 829
343  6654 5654
344  4858 3858
345  2129 1129
346  2547 1547
348  5801 4801
352  1269 269
353  7554 6554
354  5113 4113
355  1421 421
356  4293 3293
357  7685 6685
359  7470 6470
361  5077 4077
363  1264 264
365  4624 3624
367  7961 6961
368  7045 6045
369  7055 6055
370  3042 2042
371  6254 5254
372  3722 2722
373  1880 880
377  7809 6809
378  5800 4800
379  6680 5680
380  1618 618
382  5129 4129
383  7062 6062
385  1573 573
386  2692 1692
387  4568 3568
388  2604 1604
389  5037 4037
390  7035 6035
394  6108 5108
395  6211 5211
396  5411 4411
397  2067 1067
398  5426 4426
400  6104 5104
401  1568 568
402  1208 208
404  1542 542
405  7814 6814
406  4248 3248
407  3514 2514
408  1237 237
409  7326 6326
411  5041 4041
412  4678 3678
414  2392 1392
415  6192 5192
417  8059 7059
420  6582 5582
421  4678 3678
422  3327 2327
424  2097 1097
425  6596 5596
426  5378 4378
429  4411 3411
430  4124 3124
433  3535 2535
434  4167 3167
435  3082 2082
436  4680 3680
438  7679 6679
439  4412 3412
440  4330 3330
443  7983 6983
444  2345 1345
446  7181 6181
450  5698 4698
451  2808 1808
453  4004 3004
454  2122 1122
455  3391 2391
456  7158 6158
458  3476 2476
460  7873 6873
461  2958 1958
462  2477 1477
463  7209 6209
464  6857 5857
465  4717 3717
466  7681 6681
468  4003 3003
471  3419 2419
473  3504 2504
474  4134 3134
475  1588 588
477  6719 5719
478  4219 3219
480  1151 151
481  3341 2341
482  6717 5717
484  2181 1181
486  5039 4039
487  6456 5456
488  7191 6191
489  5760 4760
491  8135 7135
493  1390 390
496  2319 1319
497  2496 1496
498  7516 6516
499  6001 5001
500  4156 3156
501  7906 6906
502  2011 1011
503  8171 7171
504  1526 526
505  5437 4437
506  1335 335
508  8074 7074
509  2142 1142
510  6968 5968
511  3876 2876

Finding local optimium (3 opt)
------------------------------------------------
Total value: 1687853
Total cost: 1330853

0  4701 3701
1  1001 1
2  7119 6119
3  2896 1896
4  8187 7187
5  8367 7367
6  1997 997
7  8690 7690
8  2022 1022
9  8613 7613
16  1705 705
20  4554 3554
21  5589 4589
23  6325 5325
25  5000 4000
27  6776 5776
28  5276 4276
29  3123 2123
34  6798 5798
35  7047 6047
36  1427 427
40  2091 1091
41  6247 5247
43  4211 3211
44  7010 6010
46  6838 5838
47  3627 2627
48  2725 1725
49  4760 3760
50  4843 3843
51  5776 4776
52  7137 6137
53  7475 6475
54  5977 4977
55  1937 937
57  3101 2101
58  4099 3099
59  5281 4281
60  5609 4609
63  4530 3530
64  7097 6097
66  1975 975
67  7248 6248
69  4768 3768
70  3241 2241
71  7031 6031
72  6584 5584
74  2348 1348
75  2881 1881
77  6367 5367
78  6178 5178
80  2641 1641
82  7898 6898
85  5824 4824
86  4391 3391
88  7101 6101
89  4472 3472
90  4636 3636
92  2087 1087
93  1775 775
95  3371 2371
96  6867 5867
97  2337 1337
98  3054 2054
100  2509 1509
101  7204 6204
102  3989 2989
103  6594 5594
107  6226 5226
108  3513 2513
110  4201 3201
112  2227 1227
113  8112 7112
114  5082 4082
115  3959 2959
116  1296 296
117  1392 392
118  6802 5802
119  6709 5709
120  4537 3537
121  2940 1940
122  3943 2943
124  3997 2997
125  1079 79
127  1922 922
131  4947 3947
136  2250 1250
137  4754 3754
138  7586 6586
140  3631 2631
141  5636 4636
142  6752 5752
145  1390 390
146  2542 1542
149  7111 6111
150  7550 6550
151  1588 588
154  7702 6702
155  6155 5155
156  3020 2020
157  3723 2723
158  4179 3179
159  5723 4723
160  2770 1770
161  1667 667
162  3095 2095
163  5829 4829
164  2598 1598
166  7885 6885
167  2590 1590
168  5239 4239
170  7037 6037
171  2823 1823
173  8173 7173
174  2923 1923
175  2056 1056
176  6261 5261
177  5977 4977
178  1786 786
180  1046 46
181  7689 6689
182  7438 6438
183  7933 6933
184  3116 2116
186  7503 6503
188  4603 3603
189  6686 5686
190  7194 6194
191  7466 6466
192  3341 2341
194  4545 3545
195  1784 784
198  3810 2810
199  7223 6223
200  3260 2260
201  6541 5541
202  6197 5197
203  7061 6061
204  4213 3213
205  2416 1416
208  8062 7062
209  7205 6205
211  7152 6152
212  1269 269
213  7913 6913
215  1267 267
217  6249 5249
218  1174 174
220  2700 1700
221  7174 6174
222  1114 114
223  5939 4939
225  5519 4519
226  6905 5905
227  1056 56
229  6381 5381
230  2369 1369
231  6551 5551
232  6525 5525
233  2128 1128
234  4987 3987
235  7812 6812
236  3660 2660
237  2753 1753
240  4764 3764
241  3684 2684
243  7830 6830
244  5905 4905
246  8030 7030
247  6330 5330
248  1384 384
249  3115 2115
250  7981 6981
251  6038 5038
252  6483 5483
253  5445 4445
254  5176 4176
255  2619 1619
256  1570 570
258  7891 6891
259  4896 3896
260  6446 5446
262  5567 4567
263  6306 5306
264  7646 6646
267  7800 6800
268  4893 3893
269  6612 5612
270  5723 4723
272  2771 1771
276  7279 6279
278  3253 2253
279  5126 4126
280  4262 3262
281  4603 3603
282  5802 4802
284  7861 6861
285  6209 5209
288  8131 7131
291  7677 6677
292  6290 5290
293  3863 2863
294  1296 296
295  5292 4292
296  1172 172
297  3444 2444
298  1158 158
300  5241 4241
304  1958 958
306  1694 694
307  5981 4981
309  4797 3797
310  8145 7145
311  2507 1507
312  1819 819
313  2715 1715
314  6672 5672
315  2512 1512
316  1638 638
319  3076 2076
320  4915 3915
321  5022 4022
322  4879 3879
324  6014 5014
325  1866 866
326  1975 975
327  2074 1074
328  7185 6185
329  6508 5508
331  6243 5243
332  3511 2511
333  7776 6776
334  1767 767
335  1326 326
336  5579 4579
337  6694 5694
338  2496 1496
339  2662 1662
341  4017 3017
342  1829 829
343  6654 5654
344  4858 3858
345  2129 1129
346  2547 1547
348  5801 4801
352  1269 269
353  7554 6554
354  5113 4113
355  1421 421
356  4293 3293
357  7685 6685
359  7470 6470
361  5077 4077
363  1264 264
365  4624 3624
367  7961 6961
368  7045 6045
369  7055 6055
370  3042 2042
371  6254 5254
372  3722 2722
373  1880 880
377  7809 6809
378  5800 4800
379  6680 5680
380  1618 618
382  5129 4129
383  7062 6062
385  1573 573
386  2692 1692
387  4568 3568
388  2604 1604
389  5037 4037
390  7035 6035
394  6108 5108
395  6211 5211
396  5411 4411
397  2067 1067
398  5426 4426
400  6104 5104
401  1568 568
402  1208 208
404  1542 542
405  7814 6814
406  4248 3248
407  3514 2514
408  1237 237
409  7326 6326
411  5041 4041
412  4678 3678
414  2392 1392
415  6192 5192
417  8059 7059
420  6582 5582
421  4678 3678
422  3327 2327
424  2097 1097
425  6596 5596
426  5378 4378
429  4411 3411
430  4124 3124
433  3535 2535
434  4167 3167
435  3082 2082
436  4680 3680
438  7679 6679
439  4412 3412
440  4330 3330
443  7983 6983
444  2345 1345
446  7181 6181
450  5698 4698
451  2808 1808
453  4004 3004
454  2122 1122
455  3391 2391
456  7158 6158
458  3476 2476
460  7873 6873
461  2958 1958
462  2477 1477
463  7209 6209
464  6857 5857
465  4717 3717
466  7681 6681
468  4003 3003
471  3419 2419
473  3504 2504
474  4134 3134
475  1588 588
477  6719 5719
478  4219 3219
480  1151 151
481  3341 2341
482  6717 5717
484  2181 1181
486  5039 4039
487  6456 5456
488  7191 6191
489  5760 4760
491  8135 7135
493  1390 390
496  2319 1319
497  2496 1496
498  7516 6516
499  6001 5001
500  4156 3156
501  7906 6906
502  2011 1011
503  8171 7171
504  1526 526
505  5437 4437
506  1335 335
508  8074 7074
509  2142 1142
510  6968 5968
511  3876 2876

Finding random solution(s) with local optimum (2 opt)
========== Time expired ==========
========== Time expired ==========
------------------------------------------------
Total value: 1593709
Total cost: 1330709

0  4701 3701
1  1001 1
2  7119 6119
3  2896 1896
4  8187 7187
5  8367 7367
6  1997 997
7  8690 7690
8  2022 1022
9  8613 7613
10  9347 8347
11  7874 6874
12  6522 5522
13  9122 8122
14  9730 8730
15  4486 3486
16  1705 705
17  10823 9823
18  10232 9232
19  9463 8463
20  4554 3554
21  5589 4589
22  10675 9675
23  6325 5325
24  10970 9970
25  5000 4000
26  10407 9407
27  6776 5776
28  5276 4276
29  3123 2123
30  8331 7331
31  8356 7356
32  9361 8361
33  9305 8305
34  6798 5798
35  7047 6047
36  1427 427
37  10645 9645
38  10439 9439
39  9139 8139
40  2091 1091
41  6247 5247
42  8650 7650
43  4211 3211
44  7010 6010
45  9100 8100
46  6838 5838
47  3627 2627
48  2725 1725
49  4760 3760
50  4843 3843
51  5776 4776
52  7137 6137
53  7475 6475
54  5977 4977
55  1937 937
56  8718 7718
57  3101 2101
58  4099 3099
59  5281 4281
60  5609 4609
61  8751 7751
62  10819 9819
63  4530 3530
64  7097 6097
65  10240 9240
66  1975 975
67  7248 6248
68  8226 7226
69  4768 3768
70  3241 2241
71  7031 6031
72  6584 5584
73  8613 7613
74  2348 1348
75  2881 1881
76  8475 7475
77  6367 5367
78  6178 5178
79  9712 8712
80  2641 1641
81  10410 9410
82  7898 6898
83  9157 8157
84  9250 8250
85  5824 4824
86  4391 3391
87  9242 8242
88  7101 6101
89  4472 3472
90  4636 3636
91  10722 9722
92  2087 1087
93  1775 775
94  9652 8652
95  3371 2371
96  6867 5867
97  2337 1337
98  3054 2054
99  9885 8885
100  2509 1509
101  7204 6204
102  3989 2989
103  6594 5594
104  10129 9129
105  8226 7226
106  9597 8597
107  6226 5226
108  3513 2513
109  9921 8921
110  4201 3201
111  10537 9537
112  2227 1227
113  8112 7112
114  5082 4082
115  3959 2959
116  1296 296
117  1392 392
118  6802 5802
119  6709 5709
120  4537 3537
121  2940 1940
122  3943 2943
123  8943 7943
124  3997 2997
125  1079 79
126  8642 7642
127  1922 922
128  9205 8205
129  9361 8361
130  8551 7551
131  4947 3947
132  8904 7904
133  9861 8861
134  10400 9400
135  10937 9937
136  2250 1250
137  4754 3754
138  7586 6586
139  10872 9872
140  3631 2631
141  5636 4636
142  6752 5752
143  10459 9459
144  10510 9510
145  1390 390
146  2542 1542
147  10141 9141
148  10576 9576
149  7111 6111
150  7550 6550
151  1588 588
152  10504 9504
153  9006 8006
154  7702 6702
155  6155 5155
156  3020 2020
157  3723 2723
158  4179 3179
159  5723 4723
160  2770 1770
161  1667 667
162  3095 2095
163  5829 4829
164  2598 1598
165  8487 7487
308  8594 7594
310  8145 7145
314  6672 5672
315  2512 1512
319  3076 2076
321  5022 4022
322  4879 3879
324  6014 5014
325  1866 866
326  1975 975
327  2074 1074
328  7185 6185
330  10466 9466
331  6243 5243
333  7776 6776
334  1767 767
336  5579 4579
343  6654 5654
345  2129 1129
352  1269 269
353  7554 6554
355  1421 421
359  7470 6470
364  10552 9552
365  4624 3624
366  9117 8117
369  7055 6055
372  3722 2722
373  1880 880
374  10710 9710
377  7809 6809
380  1618 618
382  5129 4129
383  7062 6062
384  9887 8887
385  1573 573
387  4568 3568
388  2604 1604
391  10910 9910
397  2067 1067
401  1568 568
408  1237 237
410  9922 8922
411  5041 4041
412  4678 3678
416  10516 9516
419  10352 9352
423  9885 8885
424  2097 1097
426  5378 4378
427  8400 7400
428  10362 9362
429  4411 3411
430  4124 3124
433  3535 2535
436  4680 3680
438  7679 6679
439  4412 3412
443  7983 6983
447  9120 8120
453  4004 3004
454  2122 1122
455  3391 2391
456  7158 6158
459  9819 8819
461  2958 1958
462  2477 1477
464  6857 5857
465  4717 3717
466  7681 6681
468  4003 3003
470  9167 8167
471  3419 2419
473  3504 2504
474  4134 3134
476  9198 8198
477  6719 5719
478  4219 3219
479  9323 8323
480  1151 151
483  8965 7965
484  2181 1181
485  10859 9859
486  5039 4039
489  5760 4760
490  9652 8652
492  9293 8293
496  2319 1319
497  2496 1496
500  4156 3156
503  8171 7171
504  1526 526
505  5437 4437
506  1335 335
507  10164 9164
509  2142 1142
511  3876 2876

Finding random solution(s) with local optimum (3 opt)
========== Time expired ==========
========== Time expired ==========
------------------------------------------------
Total value: 1597799
Total cost: 1330799

0  4701 3701
1  1001 1
2  7119 6119
3  2896 1896
4  8187 7187
5  8367 7367
6  1997 997
7  8690 7690
8  2022 1022
9  8613 7613
10  9347 8347
11  7874 6874
12  6522 5522
13  9122 8122
14  9730 8730
15  4486 3486
16  1705 705
17  10823 9823
18  10232 9232
19  9463 8463
20  4554 3554
21  5589 4589
22  10675 9675
23  6325 5325
24  10970 9970
25  5000 4000
26  10407 9407
27  6776 5776
28  5276 4276
29  3123 2123
30  8331 7331
31  8356 7356
32  9361 8361
35  7047 6047
36  1427 427
37  10645 9645
41  6247 5247
45  9100 8100
46  6838 5838
50  4843 3843
52  7137 6137
53  7475 6475
54  5977 4977
55  1937 937
56  8718 7718
58  4099 3099
64  7097 6097
66  1975 975
68  8226 7226
71  7031 6031
72  6584 5584
75  2881 1881
77  6367 5367
78  6178 5178
80  2641 1641
83  9157 8157
85  5824 4824
87  9242 8242
88  7101 6101
89  4472 3472
95  3371 2371
97  2337 1337
98  3054 2054
99  9885 8885
100  2509 1509
109  9921 8921
111  10537 9537
116  1296 296
117  1392 392
118  6802 5802
119  6709 5709
121  2940 1940
122  3943 2943
124  3997 2997
125  1079 79
126  8642 7642
127  1922 922
129  9361 8361
132  8904 7904
133  9861 8861
135  10937 9937
136  2250 1250
139  10872 9872
142  6752 5752
144  10510 9510
145  1390 390
149  7111 6111
150  7550 6550
151  1588 588
152  10504 9504
154  7702 6702
156  3020 2020
157  3723 2723
163  5829 4829
164  2598 1598
167  2590 1590
168  5239 4239
171  2823 1823
172  10898 9898
173  8173 7173
174  2923 1923
176  6261 5261
177  5977 4977
179  10681 9681
183  7933 6933
188  4603 3603
191  7466 6466
198  3810 2810
199  7223 6223
200  3260 2260
201  6541 5541
204  4213 3213
205  2416 1416
210  9203 8203
211  7152 6152
215  1267 267
218  1174 174
219  9187 8187
221  7174 6174
223  5939 4939
224  10412 9412
226  6905 5905
227  1056 56
230  2369 1369
231  6551 5551
232  6525 5525
233  2128 1128
234  4987 3987
236  3660 2660
237  2753 1753
239  9544 8544
245  9725 8725
246  8030 7030
248  1384 384
250  7981 6981
252  6483 5483
253  5445 4445
254  5176 4176
256  1570 570
259  4896 3896
261  9658 8658
262  5567 4567
263  6306 5306
267  7800 6800
270  5723 4723
273  10300 9300
281  4603 3603
285  6209 5209
287  10308 9308
288  8131 7131
290  9460 8460
291  7677 6677
292  6290 5290
298  1158 158
300  5241 4241
303  10072 9072
305  10321 9321
308  8594 7594
311  2507 1507
314  6672 5672
316  1638 638
321  5022 4022
322  4879 3879
324  6014 5014
327  2074 1074
329  6508 5508
331  6243 5243
334  1767 767
336  5579 4579
337  6694 5694
340  9119 8119
341  4017 3017
343  6654 5654
344  4858 3858
345  2129 1129
347  9662 8662
348  5801 4801
350  10028 9028
352  1269 269
353  7554 6554
356  4293 3293
358  8410 7410
359  7470 6470
360  9850 8850
361  5077 4077
362  10237 9237
363  1264 264
366  9117 8117
367  7961 6961
368  7045 6045
372  3722 2722
376  9110 8110
378  5800 4800
379  6680 5680
381  9554 8554
382  5129 4129
383  7062 6062
385  1573 573
386  2692 1692
387  4568 3568
388  2604 1604
393  9632 8632
396  5411 4411
397  2067 1067
398  5426 4426
400  6104 5104
401  1568 568
402  1208 208
404  1542 542
405  7814 6814
406  4248 3248
407  3514 2514
408  1237 237
411  5041 4041
412  4678 3678
413  9909 8909
415  6192 5192
417  8059 7059
419  10352 9352
420  6582 5582
421  4678 3678
422  3327 2327
423  9885 8885
425  6596 5596
426  5378 4378
428  10362 9362
429  4411 3411
433  3535 2535
434  4167 3167
438  7679 6679
439  4412 3412
441  8636 7636
446  7181 6181
448  9576 8576
450  5698 4698
451  2808 1808
452  8312 7312
455  3391 2391
458  3476 2476
459  9819 8819
460  7873 6873
462  2477 1477
463  7209 6209
464  6857 5857
466  7681 6681
470  9167 8167
471  3419 2419
472  9337 8337
474  4134 3134
475  1588 588
478  4219 3219
482  6717 5717
483  8965 7965
484  2181 1181
485  10859 9859
486  5039 4039
487  6456 5456
488  7191 6191
493  1390 390
497  2496 1496
501  7906 6906
502  2011 1011
503  8171 7171
504  1526 526
506  1335 335
508  8074 7074
511  3876 2876

