Reading knapsack instance
Cost limit: 4875
Solving with Greedy
Finding local optimium (2 opt)
------------------------------------------------
Total value: 6125
Total cost: 4725

0  654 554
1  101 1
2  219 119
4  287 187
5  467 367
7  790 690
8  122 22
9  713 613
10  447 347
12  622 522
13  222 122
15  586 486
18  332 232
19  563 463

Finding local optimium (3 opt)
------------------------------------------------
Total value: 6125
Total cost: 4725

0  654 554
1  101 1
2  219 119
4  287 187
5  467 367
7  790 690
8  122 22
9  713 613
10  447 347
12  622 522
13  222 122
15  586 486
18  332 232
19  563 463

Finding random solution(s) with local optimum (2 opt)
========== Time expired ==========
========== Time expired ==========
------------------------------------------------
Total value: 6257
Total cost: 4857

0  654 554
1  101 1
2  219 119
4  287 187
5  467 367
8  122 22
10  447 347
12  622 522
13  222 122
14  830 730
15  586 486
16  805 705
18  332 232
19  563 463

Finding random solution(s) with local optimum (3 opt)
========== Time expired ==========
========== Time expired ==========
------------------------------------------------
Total value: 6257
Total cost: 4857

0  654 554
1  101 1
2  219 119
4  287 187
5  467 367
8  122 22
10  447 347
12  622 522
13  222 122
14  830 730
15  586 486
16  805 705
18  332 232
19  563 463

