Reading knapsack instance
Cost limit: 62405
Solving with Greedy
Finding local optimium (2 opt)
------------------------------------------------
Total value: 80572
Total cost: 62372

0  670 570
1  101 1
2  219 119
3  996 896
4  287 187
7  790 690
8  122 22
9  713 613
10  447 347
12  622 522
13  222 122
15  586 486
18  332 232
19  563 463
20  654 554
21  689 589
22  775 675
23  425 325
26  507 407
28  376 276
29  223 123
30  431 331
31  456 356
32  461 361
33  405 305
35  147 47
36  527 427
37  745 645
38  539 439
39  239 139
40  191 91
41  347 247
42  750 650
43  311 211
44  110 10
45  200 100
47  727 627
52  237 137
53  575 475
57  201 101
58  199 99
59  381 281
60  709 609
63  630 530
64  197 97
65  340 240
67  348 248
68  326 226
70  341 241
71  131 31
72  684 584
73  713 613
74  448 348
76  575 475
77  467 367
78  278 178
80  741 641
81  510 410
83  257 157
84  350 250
86  491 391
87  342 242
88  201 101
89  572 472
90  736 636
92  187 87
94  752 652
95  471 371
97  437 337
98  154 54
100  609 509
101  304 204
103  694 594
104  229 129
105  326 226
106  697 597
107  326 226
108  613 513
110  301 201
111  637 537
112  327 227
113  212 112
114  182 82
116  396 296
117  492 392
120  637 537
125  179 79
126  742 642
128  305 205
129  461 361
130  651 551
134  500 400
136  350 250
138  686 586
140  731 631
141  736 636
143  559 459
144  610 510
145  490 390
146  642 542
147  241 141
148  676 576
149  211 111
150  650 550
151  688 588
152  604 504
153  106 6
154  802 702
155  255 155
156  120 20
158  279 179
161  767 667
162  195 95
164  698 598
165  587 487
167  690 590
168  339 239
169  470 370
170  137 37
173  273 173
175  156 56
176  361 261
179  781 681
180  146 46
181  789 689
182  538 438
184  216 116
186  603 503
187  687 587
188  703 603
189  786 686
190  294 194
191  566 466
192  441 341
193  456 356
194  645 545
196  152 52
199  323 223
200  360 260
201  641 541
202  297 197
203  161 61
204  313 213
205  516 416
206  562 462
207  162 62
208  162 62
209  305 205
210  303 203
211  252 152
212  369 269
214  260 160
215  367 267
217  349 249
218  274 174
219  287 187
220  800 700
221  274 174
222  214 114
224  512 412
225  619 519
227  156 56
228  209 109
229  481 381
230  469 369
231  651 551
232  625 525
233  228 128
236  760 660
238  249 149
239  644 544
241  784 684
242  496 396
246  130 30
247  430 330
248  484 384
249  215 115
251  138 38
252  583 483
253  545 445
254  276 176
255  719 619

Finding local optimium (3 opt)
------------------------------------------------
Total value: 80572
Total cost: 62372

0  670 570
1  101 1
2  219 119
3  996 896
4  287 187
7  790 690
8  122 22
9  713 613
10  447 347
12  622 522
13  222 122
15  586 486
18  332 232
19  563 463
20  654 554
21  689 589
22  775 675
23  425 325
26  507 407
28  376 276
29  223 123
30  431 331
31  456 356
32  461 361
33  405 305
35  147 47
36  527 427
37  745 645
38  539 439
39  239 139
40  191 91
41  347 247
42  750 650
43  311 211
44  110 10
45  200 100
47  727 627
52  237 137
53  575 475
57  201 101
58  199 99
59  381 281
60  709 609
63  630 530
64  197 97
65  340 240
67  348 248
68  326 226
70  341 241
71  131 31
72  684 584
73  713 613
74  448 348
76  575 475
77  467 367
78  278 178
80  741 641
81  510 410
83  257 157
84  350 250
86  491 391
87  342 242
88  201 101
89  572 472
90  736 636
92  187 87
94  752 652
95  471 371
97  437 337
98  154 54
100  609 509
101  304 204
103  694 594
104  229 129
105  326 226
106  697 597
107  326 226
108  613 513
110  301 201
111  637 537
112  327 227
113  212 112
114  182 82
116  396 296
117  492 392
120  637 537
125  179 79
126  742 642
128  305 205
129  461 361
130  651 551
134  500 400
136  350 250
138  686 586
140  731 631
141  736 636
143  559 459
144  610 510
145  490 390
146  642 542
147  241 141
148  676 576
149  211 111
150  650 550
151  688 588
152  604 504
153  106 6
154  802 702
155  255 155
156  120 20
158  279 179
161  767 667
162  195 95
164  698 598
165  587 487
167  690 590
168  339 239
169  470 370
170  137 37
173  273 173
175  156 56
176  361 261
179  781 681
180  146 46
181  789 689
182  538 438
184  216 116
186  603 503
187  687 587
188  703 603
189  786 686
190  294 194
191  566 466
192  441 341
193  456 356
194  645 545
196  152 52
199  323 223
200  360 260
201  641 541
202  297 197
203  161 61
204  313 213
205  516 416
206  562 462
207  162 62
208  162 62
209  305 205
210  303 203
211  252 152
212  369 269
214  260 160
215  367 267
217  349 249
218  274 174
219  287 187
220  800 700
221  274 174
222  214 114
224  512 412
225  619 519
227  156 56
228  209 109
229  481 381
230  469 369
231  651 551
232  625 525
233  228 128
236  760 660
238  249 149
239  644 544
241  784 684
242  496 396
246  130 30
247  430 330
248  484 384
249  215 115
251  138 38
252  583 483
253  545 445
254  276 176
255  719 619

Finding random solution(s) with local optimum (2 opt)
========== Time expired ==========
========== Time expired ==========
------------------------------------------------
Total value: 76657
Total cost: 62357

0  670 570
1  101 1
2  219 119
3  996 896
4  287 187
5  467 367
6  1097 997
7  790 690
8  122 22
9  713 613
10  447 347
11  974 874
12  622 522
13  222 122
14  830 730
15  586 486
16  805 705
17  923 823
18  332 232
19  563 463
20  654 554
21  689 589
22  775 675
23  425 325
24  1070 970
25  1100 1000
26  507 407
27  876 776
28  376 276
29  223 123
30  431 331
31  456 356
32  461 361
33  405 305
34  898 798
35  147 47
36  527 427
37  745 645
38  539 439
39  239 139
40  191 91
41  347 247
42  750 650
43  311 211
44  110 10
45  200 100
46  938 838
47  727 627
48  825 725
49  860 760
50  943 843
68  326 226
69  868 768
71  131 31
73  713 613
77  467 367
78  278 178
79  812 712
82  998 898
83  257 157
86  491 391
88  201 101
95  471 371
96  967 867
98  154 54
101  304 204
104  229 129
106  697 597
107  326 226
108  613 513
112  327 227
113  212 112
114  182 82
115  1059 959
116  396 296
123  1043 943
124  1097 997
128  305 205
130  651 551
131  1047 947
132  1004 904
133  961 861
134  500 400
136  350 250
138  686 586
140  731 631
141  736 636
145  490 390
146  642 542
149  211 111
153  106 6
154  802 702
155  255 155
156  120 20
158  279 179
162  195 95
163  929 829
164  698 598
165  587 487
168  339 239
169  470 370
170  137 37
172  998 898
173  273 173
175  156 56
176  361 261
178  886 786
179  781 681
180  146 46
182  538 438
183  1033 933
184  216 116
185  909 809
188  703 603
190  294 194
191  566 466
196  152 52
199  323 223
201  641 541
202  297 197
203  161 61
204  313 213
210  303 203
211  252 152
214  260 160
215  367 267
216  847 747
217  349 249
218  274 174
220  800 700
222  214 114
224  512 412
230  469 369
233  228 128
234  1087 987
235  912 812
236  760 660
238  249 149
239  644 544
245  825 725
246  130 30
248  484 384
252  583 483

Finding random solution(s) with local optimum (3 opt)
========== Time expired ==========
========== Time expired ==========
------------------------------------------------
Total value: 76692
Total cost: 62392

0  670 570
1  101 1
2  219 119
3  996 896
4  287 187
5  467 367
6  1097 997
7  790 690
8  122 22
9  713 613
10  447 347
11  974 874
12  622 522
13  222 122
14  830 730
15  586 486
16  805 705
17  923 823
18  332 232
19  563 463
29  223 123
30  431 331
31  456 356
32  461 361
34  898 798
35  147 47
42  750 650
45  200 100
46  938 838
48  825 725
51  876 776
52  237 137
53  575 475
54  1077 977
57  201 101
63  630 530
68  326 226
71  131 31
73  713 613
74  448 348
75  981 881
77  467 367
78  278 178
79  812 712
81  510 410
83  257 157
86  491 391
89  572 472
90  736 636
91  822 722
92  187 87
93  875 775
95  471 371
97  437 337
98  154 54
101  304 204
105  326 226
106  697 597
110  301 201
112  327 227
114  182 82
116  396 296
120  637 537
121  1040 940
122  1043 943
125  179 79
126  742 642
130  651 551
132  1004 904
133  961 861
135  1037 937
136  350 250
137  854 754
138  686 586
139  972 872
140  731 631
141  736 636
142  852 752
144  610 510
149  211 111
153  106 6
155  255 155
156  120 20
158  279 179
159  823 723
161  767 667
162  195 95
165  587 487
166  985 885
167  690 590
169  470 370
170  137 37
171  923 823
175  156 56
176  361 261
178  886 786
179  781 681
180  146 46
182  538 438
184  216 116
186  603 503
192  441 341
193  456 356
196  152 52
198  910 810
199  323 223
200  360 260
202  297 197
203  161 61
204  313 213
205  516 416
208  162 62
209  305 205
210  303 203
211  252 152
212  369 269
213  1013 913
214  260 160
215  367 267
216  847 747
218  274 174
219  287 187
221  274 174
222  214 114
224  512 412
229  481 381
230  469 369
231  651 551
235  912 812
236  760 660
238  249 149
239  644 544
240  864 764
243  930 830
244  1005 905
245  825 725
248  484 384
249  215 115
250  1081 981
251  138 38
252  583 483
253  545 445
254  276 176

