Reading knapsack instance
Cost limit: 11119
Solving with Greedy
Finding local optimium (2 opt)
------------------------------------------------
Total value: 14414
Total cost: 11114

0  825 725
1  101 1
2  219 119
4  287 187
5  467 367
8  122 22
9  713 613
10  447 347
12  622 522
13  222 122
15  586 486
18  332 232
19  563 463
20  654 554
21  689 589
23  425 325
26  507 407
28  376 276
29  223 123
30  431 331
31  456 356
32  461 361
36  527 427
37  745 645
38  539 439
39  239 139
40  191 91
41  347 247
42  750 650
43  311 211
44  110 10
45  200 100
47  727 627

Finding local optimium (3 opt)
------------------------------------------------
Total value: 14414
Total cost: 11114

0  825 725
1  101 1
2  219 119
4  287 187
5  467 367
8  122 22
9  713 613
10  447 347
12  622 522
13  222 122
15  586 486
18  332 232
19  563 463
20  654 554
21  689 589
23  425 325
26  507 407
28  376 276
29  223 123
30  431 331
31  456 356
32  461 361
36  527 427
37  745 645
38  539 439
39  239 139
40  191 91
41  347 247
42  750 650
43  311 211
44  110 10
45  200 100
47  727 627

Finding random solution(s) with local optimum (2 opt)
========== Time expired ==========
========== Time expired ==========
------------------------------------------------
Total value: 14136
Total cost: 11036

0  825 725
1  101 1
2  219 119
3  996 896
4  287 187
5  467 367
6  1097 997
7  790 690
8  122 22
9  713 613
10  447 347
13  222 122
16  805 705
17  923 823
18  332 232
19  563 463
21  689 589
23  425 325
28  376 276
29  223 123
30  431 331
31  456 356
32  461 361
33  405 305
35  147 47
36  527 427
39  239 139
40  191 91
41  347 247
44  110 10
45  200 100

Finding random solution(s) with local optimum (3 opt)
========== Time expired ==========
========== Time expired ==========
------------------------------------------------
Total value: 14136
Total cost: 11036

0  825 725
1  101 1
2  219 119
3  996 896
4  287 187
5  467 367
6  1097 997
7  790 690
8  122 22
9  713 613
10  447 347
13  222 122
16  805 705
17  923 823
18  332 232
19  563 463
21  689 589
23  425 325
28  376 276
29  223 123
30  431 331
31  456 356
32  461 361
33  405 305
35  147 47
36  527 427
39  239 139
40  191 91
41  347 247
44  110 10
45  200 100

