Reading knapsack instance
Cost limit: 15574
Solving with Greedy
Finding local optimium (2 opt)
------------------------------------------------
Total value: 19951
Total cost: 15551

0  197 97
1  101 1
2  219 119
3  996 896
4  287 187
5  467 367
6  1097 997
7  790 690
8  122 22
13  222 122
15  586 486
16  805 705
18  332 232
19  563 463
20  654 554
21  689 589
22  775 675
23  425 325
26  507 407
28  376 276
29  223 123
30  431 331
31  456 356
32  461 361
33  405 305
35  147 47
36  527 427
37  745 645
38  539 439
39  239 139
40  191 91
41  347 247
42  750 650
43  311 211
44  110 10
45  200 100
47  727 627
52  237 137
53  575 475
57  201 101
58  199 99
59  381 281
60  709 609
63  630 530

Finding local optimium (3 opt)
------------------------------------------------
Total value: 19951
Total cost: 15551

0  197 97
1  101 1
2  219 119
3  996 896
4  287 187
5  467 367
6  1097 997
7  790 690
8  122 22
13  222 122
15  586 486
16  805 705
18  332 232
19  563 463
20  654 554
21  689 589
22  775 675
23  425 325
26  507 407
28  376 276
29  223 123
30  431 331
31  456 356
32  461 361
33  405 305
35  147 47
36  527 427
37  745 645
38  539 439
39  239 139
40  191 91
41  347 247
42  750 650
43  311 211
44  110 10
45  200 100
47  727 627
52  237 137
53  575 475
57  201 101
58  199 99
59  381 281
60  709 609
63  630 530

Finding random solution(s) with local optimum (2 opt)
========== Time expired ==========
========== Time expired ==========
------------------------------------------------
Total value: 19517
Total cost: 15517

0  197 97
1  101 1
2  219 119
3  996 896
4  287 187
5  467 367
6  1097 997
7  790 690
8  122 22
9  713 613
10  447 347
11  974 874
12  622 522
13  222 122
14  830 730
15  586 486
16  805 705
17  923 823
18  332 232
19  563 463
20  654 554
21  689 589
22  775 675
29  223 123
30  431 331
31  456 356
33  405 305
39  239 139
40  191 91
41  347 247
43  311 211
44  110 10
45  200 100
47  727 627
52  237 137
56  818 718
57  201 101
58  199 99
59  381 281
63  630 530

Finding random solution(s) with local optimum (3 opt)
========== Time expired ==========
========== Time expired ==========
------------------------------------------------
Total value: 19541
Total cost: 15541

0  197 97
1  101 1
2  219 119
3  996 896
4  287 187
5  467 367
6  1097 997
7  790 690
8  122 22
9  713 613
10  447 347
11  974 874
12  622 522
13  222 122
14  830 730
15  586 486
16  805 705
17  923 823
18  332 232
19  563 463
22  775 675
23  425 325
29  223 123
31  456 356
35  147 47
36  527 427
38  539 439
39  239 139
40  191 91
41  347 247
42  750 650
43  311 211
44  110 10
52  237 137
57  201 101
58  199 99
59  381 281
60  709 609
61  851 751
63  630 530

