Reading knapsack instance
Cost limit: 7384
Solving with Greedy
Finding local optimium (2 opt)
------------------------------------------------
Total value: 9139
Total cost: 7339

0  376 276
1  101 1
2  219 119
3  996 896
7  790 690
8  122 22
9  713 613
10  447 347
12  622 522
13  222 122
15  586 486
18  332 232
19  563 463
20  654 554
21  689 589
22  775 675
23  425 325
26  507 407

Finding local optimium (3 opt)
------------------------------------------------
Total value: 9139
Total cost: 7339

0  376 276
1  101 1
2  219 119
3  996 896
7  790 690
8  122 22
9  713 613
10  447 347
12  622 522
13  222 122
15  586 486
18  332 232
19  563 463
20  654 554
21  689 589
22  775 675
23  425 325
26  507 407

Finding random solution(s) with local optimum (2 opt)
========== Time expired ==========
========== Time expired ==========
------------------------------------------------
Total value: 9274
Total cost: 7374

0  376 276
1  101 1
2  219 119
3  996 896
4  287 187
5  467 367
8  122 22
9  713 613
10  447 347
12  622 522
13  222 122
14  830 730
15  586 486
16  805 705
18  332 232
19  563 463
20  654 554
23  425 325
26  507 407

Finding random solution(s) with local optimum (3 opt)
========== Time expired ==========
========== Time expired ==========
------------------------------------------------
Total value: 9274
Total cost: 7374

0  376 276
1  101 1
2  219 119
3  996 896
4  287 187
5  467 367
8  122 22
9  713 613
10  447 347
12  622 522
13  222 122
14  830 730
15  586 486
16  805 705
18  332 232
19  563 463
20  654 554
23  425 325
26  507 407

