CPLEX 12.6.0.0: time=600
CPLEX 12.6.0.0: time limit with integer solution; objective 594
3550 MIP simplex iterations
209 branch-and-bound nodes
absmipgap = 594, relmipgap = 1
No basis.
Resulting coloring:
#	Color
0	0
1	2
2	0
3	0
4	3
5	2
6	2
7	2
8	2
9	4
10	0
11	0
12	0
13	2
14	0
15	0
16	3
17	3
18	4
19	3
20	4
21	0
22	0
23	1
24	1
25	1
26	1
27	1
28	1
29	1
30	1
31	5
32	1
33	3
34	1
35	2
36	2
37	2
38	2
39	4
40	3
41	2
42	4
43	2
44	2
45	2
46	1
47	0
48	1
49	0
50	3
51	1
52	1
53	1
54	5
55	4
56	3
57	1
58	1
59	0
60	1
61	0
62	0
63	1
64	1
65	1
66	1
67	1
68	4
69	0
70	1
71	1
72	1
73	1
74	1
75	1
76	1
77	1
78	1
79	1
80	1
81	1
82	2
83	3
84	2
85	3
86	2
87	2
88	2
89	2
90	2
91	5
92	3
93	5
94	0
95	5
96	5
97	5
98	0
99	2
100	2
101	4
102	5
103	5
104	5
105	4
106	0
107	0
108	2
109	0
110	0
111	4
112	3
113	5
114	2
115	2
116	5
117	0
118	1
119	1
120	3
121	5
122	3
123	4
124	1
125	4
126	4
127	3
128	1
129	1
130	5
131	4
132	2
133	1
134	2
135	2
136	4
137	3
138	3
139	2
140	2
141	2
142	0
143	4
144	4
145	4
146	2
147	4
148	1
149	2
150	1
151	1
152	1
153	1
154	0
155	3
156	0
157	0
158	3
159	5
160	3
161	4
162	1
163	1
164	0
165	2
166	2
167	5
168	4
169	4
170	4
171	2
172	1
173	3
174	3
175	5
176	1
177	4
178	5
179	2
180	2
181	2
182	2
183	5
184	5
185	2
186	2
187	3
188	1
189	0
190	3
191	4
Number of Conflicts: 594

