CPLEX 12.6.0.0: time=600
CPLEX 12.6.0.0: time limit with integer solution; objective 538
803 MIP simplex iterations
0 branch-and-bound nodes
absmipgap = 538, relmipgap = 1
No basis.
Resulting coloring:
#	Color
0	4
1	5
2	3
3	5
4	4
5	3
6	3
7	5
8	2
9	2
10	6
11	4
12	7
13	3
14	2
15	2
16	7
17	3
18	3
19	4
20	3
21	7
22	7
23	3
24	4
25	3
26	7
27	2
28	4
29	3
30	6
31	6
32	2
33	4
34	7
35	7
36	4
37	2
38	2
39	7
40	7
41	6
42	2
43	3
44	1
45	5
46	3
47	3
48	7
49	1
50	4
51	2
52	1
53	7
54	5
55	4
56	7
57	4
58	3
59	6
60	3
61	1
62	1
63	6
64	1
65	1
66	4
67	3
68	1
69	2
70	3
71	4
72	7
73	1
74	1
75	1
76	1
77	5
78	5
79	4
80	1
81	2
82	3
83	1
84	5
85	1
86	6
87	3
88	1
89	4
90	5
91	4
92	1
93	3
94	6
95	7
96	2
97	1
98	7
99	5
100	3
101	4
102	3
103	7
104	2
105	7
106	6
107	6
108	5
109	2
110	7
111	6
112	4
113	2
114	5
115	6
116	2
117	2
118	3
119	2
120	6
121	2
122	2
123	5
124	6
125	3
126	2
127	4
128	6
129	2
130	4
131	5
132	2
133	2
134	6
135	4
136	2
137	4
138	2
139	5
140	2
141	3
142	6
143	3
144	3
145	6
146	2
147	6
148	4
149	3
150	2
151	2
152	5
153	5
154	3
155	2
156	5
157	6
158	7
159	6
160	7
161	2
162	5
163	6
164	4
165	5
166	2
167	3
168	2
169	2
170	5
171	2
172	3
173	2
174	4
175	3
176	2
177	2
178	2
179	2
180	7
181	5
182	2
183	4
184	2
185	5
186	7
187	6
188	2
189	3
190	2
191	1
Number of Conflicts: 538

