CPLEX 12.6.0.0: time=600
CPLEX 12.6.0.0: time limit with integer solution; objective 2
253819 MIP simplex iterations
60732 branch-and-bound nodes
absmipgap = 2, relmipgap = 1
No basis.
Resulting coloring:
#	Color
0	1
1	0
2	3
3	0
4	1
5	3
6	2
7	2
8	2
9	2
10	2
11	0
12	4
13	4
14	4
15	4
16	4
17	2
18	2
19	2
20	2
21	2
22	4
23	0
24	5
25	5
26	5
27	1
28	3
29	2
30	5
31	2
32	2
33	5
34	5
35	5
36	5
37	5
38	5
39	5
40	2
41	2
42	2
43	2
44	5
45	1
46	3
47	0
48	0
49	1
50	1
51	1
52	3
53	2
54	3
55	2
56	2
57	2
58	1
59	4
60	1
61	4
62	1
63	4
64	2
65	1
66	2
67	1
68	2
69	1
70	3
71	5
72	1
73	1
74	1
75	3
76	2
77	1
78	1
79	1
80	2
81	1
82	4
83	1
84	1
85	5
86	3
87	2
88	1
89	1
90	1
91	2
92	1
93	1
94	4
95	0
Number of Conflicts: 2

