CPLEX 12.6.0.0: time=600
CPLEX 12.6.0.0: time limit with integer solution; objective 484
1273 MIP simplex iterations
2 branch-and-bound nodes
absmipgap = 484, relmipgap = 1
No basis.
Resulting coloring:
#	Color
0	4
1	1
2	0
3	2
4	0
5	1
6	3
7	1
8	2
9	5
10	4
11	3
12	2
13	3
14	6
15	4
16	3
17	4
18	0
19	2
20	0
21	2
22	2
23	3
24	5
25	0
26	4
27	2
28	1
29	2
30	2
31	5
32	6
33	1
34	4
35	6
36	0
37	0
38	0
39	0
40	0
41	3
42	0
43	0
44	4
45	5
46	6
47	6
48	5
49	1
50	3
51	5
52	1
53	1
54	1
55	5
56	0
57	6
58	1
59	6
60	6
61	3
62	2
63	1
64	4
65	1
66	5
67	0
68	1
69	2
70	1
71	3
72	2
73	2
74	0
75	1
76	1
77	1
78	4
79	0
80	1
81	2
82	0
83	1
84	0
85	0
86	1
87	0
88	1
89	0
90	0
91	1
92	0
93	1
94	5
95	4
96	2
97	6
98	0
99	1
100	2
101	5
102	1
103	3
104	6
105	4
106	1
107	4
108	0
109	4
110	0
111	1
112	4
113	0
114	1
115	0
116	1
117	3
118	2
119	6
120	0
121	0
122	0
123	1
124	0
125	0
126	0
127	0
128	0
129	3
130	3
131	0
132	0
133	0
134	1
135	0
136	0
137	0
138	0
139	0
140	1
141	2
142	6
143	5
144	6
145	2
146	2
147	3
148	6
149	3
150	4
151	6
152	1
153	6
154	4
155	0
156	3
157	2
158	0
159	6
160	0
161	2
162	0
163	0
164	0
165	4
166	1
167	0
168	0
169	0
170	1
171	0
172	0
173	2
174	0
175	0
176	1
177	0
178	0
179	0
180	0
181	3
182	0
183	0
184	0
185	0
186	0
187	0
188	1
189	1
190	1
191	5
Number of Conflicts: 484

