CPLEX 12.6.0.0: time=600
CPLEX 12.6.0.0: optimal integer solution; objective 0
30088 MIP simplex iterations
9515 branch-and-bound nodes
No basis.
Resulting coloring:
#	Color
0	4
1	1
2	2
3	6
4	6
5	1
6	0
7	3
8	5
9	3
10	0
11	6
12	5
13	2
14	5
15	6
16	4
17	5
18	2
19	5
20	2
21	4
22	6
23	1
24	5
25	4
26	6
27	3
28	0
29	0
30	3
31	0
32	0
33	4
34	6
35	0
36	4
37	6
38	6
39	0
40	0
41	5
42	0
43	0
44	4
45	6
46	0
47	2
48	1
49	4
50	6
51	3
52	1
53	1
54	3
55	5
56	3
57	1
58	1
59	5
60	3
61	5
62	6
63	4
64	5
65	4
66	3
67	4
68	4
69	6
70	1
71	1
72	3
73	6
74	6
75	0
76	0
77	3
78	5
79	0
80	1
81	1
82	5
83	3
84	4
85	3
86	4
87	0
88	0
89	0
90	0
91	0
92	4
93	0
94	1
95	2
Number of Conflicts: 0

